TN:
SF:app/2fa/client/TOTPCrowd.js
FN:8,(anonymous_0)
FN:24,(anonymous_1)
FN:36,(anonymous_2)
FNF:3
FNH:0
FNDA:0,(anonymous_0)
FNDA:0,(anonymous_1)
FNDA:0,(anonymous_2)
DA:8,21
DA:9,0
DA:15,0
DA:25,0
DA:26,0
DA:28,0
DA:34,21
DA:36,21
DA:37,0
LF:9
LH:3
BRDA:25,0,0,0
BRDA:25,0,1,0
BRDA:28,1,0,0
BRDA:28,1,1,0
BRF:4
BRH:0
end_of_record
TN:
SF:app/2fa/client/TOTPGoogle.js
FN:8,(anonymous_0)
FN:38,(anonymous_1)
FNF:2
FNH:0
FNDA:0,(anonymous_0)
FNDA:0,(anonymous_1)
DA:8,21
DA:10,0
DA:11,0
DA:12,0
DA:15,0
DA:19,0
DA:20,0
DA:27,0
DA:28,0
DA:29,0
DA:30,0
DA:33,0
DA:34,0
DA:37,21
DA:38,21
DA:39,0
LF:16
LH:3
BRDA:10,0,0,0
BRDA:10,0,1,0
BRDA:10,1,0,0
BRDA:10,1,1,0
BRDA:15,2,0,0
BRDA:15,2,1,0
BRDA:15,3,0,0
BRDA:15,3,1,0
BRDA:27,4,0,0
BRDA:27,4,1,0
BRDA:28,5,0,0
BRDA:28,5,1,0
BRDA:29,6,0,0
BRDA:29,6,1,0
BRF:14
BRH:0
end_of_record
TN:
SF:app/2fa/client/TOTPLDAP.js
FN:8,(anonymous_0)
FN:38,(anonymous_1)
FN:50,(anonymous_2)
FNF:3
FNH:0
FNDA:0,(anonymous_0)
FNDA:0,(anonymous_1)
FNDA:0,(anonymous_2)
DA:8,21
DA:10,0
DA:11,0
DA:14,0
DA:16,0
DA:19,0
DA:22,0
DA:29,0
DA:39,0
DA:40,0
DA:42,0
DA:48,21
DA:50,21
DA:51,0
DA:53,0
LF:15
LH:3
BRDA:14,0,0,0
BRDA:14,0,1,0
BRDA:19,1,0,0
BRDA:19,1,1,0
BRDA:39,2,0,0
BRDA:39,2,1,0
BRDA:42,3,0,0
BRDA:42,3,1,0
BRDA:51,4,0,0
BRDA:51,4,1,0
BRF:10
BRH:0
end_of_record
TN:
SF:app/2fa/client/TOTPOAuth.js
FN:19,(anonymous_0)
FN:41,(anonymous_1)
FN:47,(anonymous_2)
FN:48,(anonymous_3)
FN:57,(anonymous_4)
FN:57,(anonymous_5)
FN:78,(anonymous_6)
FN:80,(anonymous_7)
FN:84,(anonymous_8)
FN:86,(anonymous_9)
FN:90,(anonymous_10)
FN:92,(anonymous_11)
FN:96,(anonymous_12)
FN:98,(anonymous_13)
FN:102,(anonymous_14)
FN:104,(anonymous_15)
FN:108,(anonymous_16)
FN:118,(anonymous_17)
FN:125,(anonymous_18)
FN:132,(anonymous_19)
FN:139,(anonymous_20)
FNF:21
FNH:2
FNDA:0,(anonymous_0)
FNDA:0,(anonymous_1)
FNDA:0,(anonymous_2)
FNDA:0,(anonymous_3)
FNDA:126,(anonymous_4)
FNDA:0,(anonymous_5)
FNDA:0,(anonymous_6)
FNDA:0,(anonymous_7)
FNDA:0,(anonymous_8)
FNDA:0,(anonymous_9)
FNDA:0,(anonymous_10)
FNDA:0,(anonymous_11)
FNDA:0,(anonymous_12)
FNDA:0,(anonymous_13)
FNDA:0,(anonymous_14)
FNDA:0,(anonymous_15)
FNDA:0,(anonymous_16)
FNDA:0,(anonymous_17)
FNDA:0,(anonymous_18)
FNDA:168,(anonymous_19)
FNDA:0,(anonymous_20)
DA:16,21
DA:17,21
DA:19,21
DA:20,0
DA:21,0
DA:28,0
DA:29,0
DA:31,0
DA:32,0
DA:37,0
DA:42,0
DA:47,21
DA:48,0
DA:49,0
DA:50,0
DA:52,0
DA:57,126
DA:59,0
DA:60,0
DA:61,0
DA:64,0
DA:65,0
DA:67,0
DA:68,0
DA:69,0
DA:72,0
DA:73,0
DA:76,21
DA:78,21
DA:79,21
DA:80,21
DA:81,0
DA:84,21
DA:85,21
DA:86,21
DA:87,0
DA:90,21
DA:91,21
DA:92,21
DA:93,0
DA:96,21
DA:97,21
DA:98,21
DA:99,0
DA:102,21
DA:103,21
DA:104,21
DA:105,0
DA:108,21
DA:109,0
DA:110,0
DA:113,0
DA:114,0
DA:115,0
DA:118,0
DA:119,0
DA:120,0
DA:122,0
DA:126,0
DA:131,21
DA:132,21
DA:133,168
DA:135,168
DA:137,168
DA:139,168
DA:140,0
LF:66
LH:28
BRDA:19,0,0,0
BRDA:20,1,0,0
BRDA:20,1,1,0
BRDA:20,1,2,0
BRDA:31,2,0,0
BRDA:31,2,1,0
BRDA:31,3,0,0
BRDA:31,3,1,0
BRDA:40,4,0,0
BRDA:40,4,1,0
BRDA:49,5,0,0
BRDA:49,5,1,0
BRDA:49,6,0,0
BRDA:49,6,1,0
BRDA:50,7,0,0
BRDA:50,7,1,0
BRDA:59,8,0,0
BRDA:59,8,1,0
BRDA:59,9,0,0
BRDA:59,9,1,0
BRDA:64,10,0,0
BRDA:64,10,1,0
BRDA:64,11,0,0
BRDA:64,11,1,0
BRDA:67,12,0,0
BRDA:67,12,1,0
BRDA:67,12,2,0
BRDA:109,13,0,0
BRDA:109,13,1,0
BRDA:114,14,0,0
BRDA:114,14,1,0
BRDA:133,15,0,168
BRDA:133,15,1,0
BRF:33
BRH:1
end_of_record
TN:
SF:app/2fa/client/TOTPPassword.js
FN:9,(anonymous_0)
FN:30,(anonymous_1)
FN:42,(anonymous_2)
FN:43,(anonymous_3)
FN:48,(anonymous_4)
FN:49,(anonymous_5)
FNF:6
FNH:2
FNDA:0,(anonymous_0)
FNDA:0,(anonymous_1)
FNDA:14,(anonymous_2)
FNDA:14,(anonymous_3)
FNDA:0,(anonymous_4)
FNDA:0,(anonymous_5)
DA:9,21
DA:10,0
DA:11,0
DA:12,0
DA:14,0
DA:18,0
DA:31,0
DA:32,0
DA:34,0
DA:40,21
DA:42,21
DA:43,14
DA:44,14
DA:49,0
DA:50,0
DA:51,0
DA:55,0
DA:56,0
DA:59,0
LF:19
LH:5
BRDA:10,0,0,0
BRDA:10,0,1,0
BRDA:11,1,0,0
BRDA:11,1,1,0
BRDA:31,2,0,0
BRDA:31,2,1,0
BRDA:34,3,0,0
BRDA:34,3,1,0
BRDA:50,4,0,0
BRDA:50,4,1,0
BRF:10
BRH:0
end_of_record
TN:
SF:app/2fa/client/TOTPSaml.js
FN:8,(anonymous_0)
FN:21,(anonymous_1)
FN:33,(anonymous_2)
FNF:3
FNH:0
FNDA:0,(anonymous_0)
FNDA:0,(anonymous_1)
FNDA:0,(anonymous_2)
DA:8,21
DA:9,0
DA:22,0
DA:23,0
DA:25,0
DA:31,21
DA:33,21
DA:34,0
LF:8
LH:3
BRDA:22,0,0,0
BRDA:22,0,1,0
BRDA:25,1,0,0
BRDA:25,1,1,0
BRF:4
BRH:0
end_of_record
TN:
SF:app/2fa/client/app/2fa/client/overrideMeteorCall.ts
FN:16,(anonymous_0)
FN:17,(anonymous_1)
FN:18,(anonymous_2)
FN:32,(anonymous_3)
FN:32,(anonymous_4)
FN:33,(anonymous_5)
FN:43,(anonymous_6)
FN:44,(anonymous_7)
FNF:8
FNH:6
FNDA:216,(anonymous_0)
FNDA:0,(anonymous_1)
FNDA:0,(anonymous_2)
FNDA:216,(anonymous_3)
FNDA:216,(anonymous_4)
FNDA:216,(anonymous_5)
FNDA:216,(anonymous_6)
FNDA:6,(anonymous_7)
DA:8,21
DA:16,21
DA:17,216
DA:18,0
DA:19,0
DA:20,0
DA:21,0
DA:25,0
DA:26,0
DA:29,0
DA:32,216
DA:33,216
DA:34,216
DA:43,21
DA:44,216
DA:46,216
LF:16
LH:9
BRDA:19,0,0,0
BRDA:23,1,0,0
BRDA:23,1,1,0
BRDA:44,2,0,210
BRDA:44,2,1,6
BRDA:44,3,0,216
BRDA:44,3,1,216
BRF:7
BRH:4
end_of_record
TN:
SF:app/action-links/client/index.js
FNF:0
FNH:0
LF:0
LH:0
BRF:0
BRH:0
end_of_record
TN:
SF:app/action-links/client/lib/app/action-links/client/lib/actionLinks.ts
FN:9,(anonymous_0)
FN:45,(anonymous_1)
FN:46,(anonymous_2)
FN:68,(anonymous_3)
FNF:4
FNH:1
FNDA:84,(anonymous_0)
FNDA:0,(anonymous_1)
FNDA:0,(anonymous_2)
FNDA:0,(anonymous_3)
DA:7,21
DA:10,84
DA:46,0
DA:48,0
DA:49,0
DA:52,0
DA:53,0
DA:56,0
DA:58,0
DA:60,0
DA:62,0
DA:64,0
DA:68,0
DA:69,0
DA:70,0
LF:15
LH:2
BRDA:46,0,0,0
BRDA:46,0,1,0
BRDA:48,1,0,0
BRDA:52,2,0,0
BRDA:60,3,0,0
BRDA:69,4,0,0
BRDA:69,5,0,0
BRDA:69,5,1,0
BRF:8
BRH:0
end_of_record
TN:
SF:app/analytics/client/index.js
FNF:0
FNH:0
LF:0
LH:0
BRF:0
BRH:0
end_of_record
TN:
SF:app/analytics/client/loadScript.js
FN:6,(anonymous_0)
FN:7,(anonymous_1)
FN:45,(anonymous_2)
FN:74,(anonymous_3)
FN:74,(anonymous_4)
FNF:5
FNH:2
FNDA:21,(anonymous_0)
FNDA:42,(anonymous_1)
FNDA:0,(anonymous_2)
FNDA:0,(anonymous_3)
FNDA:0,(anonymous_4)
DA:6,21
DA:7,21
DA:8,42
DA:9,42
DA:10,42
DA:11,42
DA:12,42
DA:13,42
DA:14,42
DA:15,42
DA:16,0
DA:18,0
DA:19,0
DA:20,0
DA:21,0
DA:24,0
DA:25,0
DA:26,0
DA:27,0
DA:29,0
DA:30,0
DA:31,0
DA:33,0
DA:35,0
DA:36,0
DA:37,0
DA:39,0
DA:40,0
DA:43,0
DA:45,0
DA:46,0
DA:47,0
DA:49,0
DA:50,0
DA:51,0
DA:52,0
DA:57,0
DA:59,0
DA:60,0
DA:61,0
DA:62,0
DA:63,0
DA:64,0
DA:65,0
DA:66,0
DA:67,0
DA:68,0
DA:72,0
DA:74,0
DA:75,0
DA:76,0
DA:79,0
DA:80,0
LF:53
LH:10
BRDA:8,0,0,42
BRDA:8,0,1,0
BRDA:9,1,0,42
BRDA:9,1,1,0
BRDA:10,2,0,42
BRDA:10,2,1,0
BRDA:11,3,0,42
BRDA:11,3,1,0
BRDA:12,4,0,42
BRDA:12,4,1,0
BRDA:13,5,0,42
BRDA:13,5,1,0
BRDA:14,6,0,42
BRDA:14,6,1,0
BRDA:15,7,0,0
BRDA:15,7,1,42
BRDA:15,8,0,42
BRDA:15,8,1,42
BRDA:18,9,0,0
BRDA:18,9,1,0
BRDA:19,10,0,0
BRDA:19,10,1,0
BRDA:20,11,0,0
BRDA:20,11,1,0
BRDA:26,12,0,0
BRDA:26,12,1,0
BRDA:30,13,0,0
BRDA:30,13,1,0
BRDA:33,14,0,0
BRDA:33,14,1,0
BRDA:39,15,0,0
BRDA:39,15,1,0
BRDA:47,16,0,0
BRDA:47,16,1,0
BRDA:72,17,0,0
BRDA:72,17,1,0
BRDA:74,18,0,0
BRDA:74,18,1,0
BRDA:75,19,0,0
BRDA:75,19,1,0
BRF:40
BRH:10
end_of_record
TN:
SF:app/analytics/client/trackEvents.js
FN:9,trackEvent
FN:21,(anonymous_1)
FN:38,(anonymous_2)
FN:48,(anonymous_3)
FN:61,(anonymous_4)
FN:72,(anonymous_5)
FN:83,(anonymous_6)
FN:94,(anonymous_7)
FN:105,(anonymous_8)
FN:116,(anonymous_9)
FN:127,(anonymous_10)
FN:138,(anonymous_11)
FN:141,(anonymous_12)
FN:159,(anonymous_13)
FN:170,(anonymous_14)
FN:181,(anonymous_15)
FN:192,(anonymous_16)
FN:203,(anonymous_17)
FN:214,(anonymous_18)
FN:225,(anonymous_19)
FN:236,(anonymous_20)
FNF:21
FNH:8
FNDA:39,trackEvent
FNDA:70,(anonymous_1)
FNDA:36,(anonymous_2)
FNDA:0,(anonymous_3)
FNDA:0,(anonymous_4)
FNDA:0,(anonymous_5)
FNDA:0,(anonymous_6)
FNDA:0,(anonymous_7)
FNDA:0,(anonymous_8)
FNDA:0,(anonymous_9)
FNDA:0,(anonymous_10)
FNDA:21,(anonymous_11)
FNDA:34,(anonymous_12)
FNDA:1,(anonymous_13)
FNDA:1,(anonymous_14)
FNDA:0,(anonymous_15)
FNDA:0,(anonymous_16)
FNDA:1,(anonymous_17)
FNDA:0,(anonymous_18)
FNDA:0,(anonymous_19)
FNDA:0,(anonymous_20)
DA:10,39
DA:11,0
DA:13,39
DA:14,0
DA:18,21
DA:20,21
DA:22,70
DA:23,0
DA:24,0
DA:25,0
DA:26,0
DA:27,0
DA:29,70
DA:30,0
DA:36,21
DA:39,36
DA:46,21
DA:49,0
DA:50,0
DA:51,0
DA:59,21
DA:62,0
DA:63,0
DA:70,21
DA:73,0
DA:74,0
DA:81,21
DA:84,0
DA:85,0
DA:92,21
DA:95,0
DA:96,0
DA:103,21
DA:106,0
DA:107,0
DA:114,21
DA:117,0
DA:118,0
DA:125,21
DA:128,0
DA:129,0
DA:138,21
DA:139,21
DA:141,21
DA:142,34
DA:143,34
DA:144,13
DA:145,0
DA:146,0
DA:148,21
DA:149,0
DA:150,0
DA:153,34
DA:157,21
DA:160,1
DA:161,1
DA:168,21
DA:171,1
DA:172,1
DA:179,21
DA:182,0
DA:183,0
DA:190,21
DA:193,0
DA:194,0
DA:201,21
DA:204,1
DA:205,1
DA:212,21
DA:215,0
DA:216,0
DA:223,21
DA:226,0
DA:227,0
DA:234,21
DA:237,0
DA:238,0
LF:77
LH:38
BRDA:10,0,0,0
BRDA:10,0,1,39
BRDA:13,1,0,0
BRDA:13,1,1,39
BRDA:18,2,0,21
BRDA:18,2,1,0
BRDA:18,3,0,21
BRDA:18,3,1,0
BRDA:22,4,0,0
BRDA:22,4,1,70
BRDA:29,5,0,0
BRDA:29,5,1,70
BRDA:49,6,0,0
BRDA:49,6,1,0
BRDA:49,7,0,0
BRDA:49,7,1,0
BRDA:49,7,2,0
BRDA:62,8,0,0
BRDA:62,8,1,0
BRDA:73,9,0,0
BRDA:73,9,1,0
BRDA:84,10,0,0
BRDA:84,10,1,0
BRDA:95,11,0,0
BRDA:95,11,1,0
BRDA:106,12,0,0
BRDA:106,12,1,0
BRDA:117,13,0,0
BRDA:117,13,1,0
BRDA:128,14,0,0
BRDA:128,14,1,0
BRDA:143,15,0,13
BRDA:143,15,1,21
BRDA:143,16,0,34
BRDA:143,16,1,34
BRDA:144,17,0,0
BRDA:144,17,1,13
BRDA:144,18,0,13
BRDA:144,18,1,0
BRDA:148,19,0,0
BRDA:148,19,1,21
BRDA:148,20,0,21
BRDA:148,20,1,21
BRDA:149,21,0,0
BRDA:149,21,1,0
BRDA:149,22,0,0
BRDA:149,22,1,0
BRDA:160,23,0,1
BRDA:160,23,1,0
BRDA:171,24,0,1
BRDA:171,24,1,0
BRDA:182,25,0,0
BRDA:182,25,1,0
BRDA:193,26,0,0
BRDA:193,26,1,0
BRDA:204,27,0,1
BRDA:204,27,1,0
BRDA:215,28,0,0
BRDA:215,28,1,0
BRDA:226,29,0,0
BRDA:226,29,1,0
BRDA:237,30,0,0
BRDA:237,30,1,0
BRF:63
BRH:18
end_of_record
TN:
SF:app/apple/client/app/apple/client/index.ts
FNF:0
FNH:0
DA:4,21
LF:1
LH:1
BRF:0
BRH:0
end_of_record
TN:
SF:app/apple/lib/app/apple/lib/config.ts
FNF:0
FNH:0
DA:1,21
LF:1
LH:1
BRF:0
BRH:0
end_of_record
TN:
SF:app/apps/client/RealAppsEngineUIHost.js
FN:11,(anonymous_0)
FN:17,(anonymous_1)
FN:27,(anonymous_2)
FN:34,(anonymous_3)
FN:50,(anonymous_4)
FNF:5
FNH:1
FNDA:21,(anonymous_0)
FNDA:0,(anonymous_1)
FNDA:0,(anonymous_2)
FNDA:0,(anonymous_3)
FNDA:0,(anonymous_4)
DA:12,21
DA:14,21
DA:18,0
DA:20,0
DA:21,0
DA:24,0
DA:28,0
DA:30,0
DA:31,0
DA:32,0
DA:34,0
DA:40,0
DA:43,0
DA:51,0
DA:53,0
LF:15
LH:2
BRDA:20,0,0,0
BRDA:20,0,1,0
BRDA:20,1,0,0
BRDA:20,1,1,0
BRF:4
BRH:0
end_of_record
TN:
SF:app/apps/client/i18n.js
FN:7,(anonymous_0)
FN:8,(anonymous_1)
FN:11,(anonymous_2)
FN:23,(anonymous_3)
FN:28,(anonymous_4)
FN:30,(anonymous_5)
FNF:6
FNH:1
FNDA:0,(anonymous_0)
FNDA:0,(anonymous_1)
FNDA:0,(anonymous_2)
FNDA:0,(anonymous_3)
FNDA:34,(anonymous_4)
FNDA:0,(anonymous_5)
DA:7,21
DA:8,0
DA:9,0
DA:11,0
DA:12,0
DA:13,0
DA:16,0
DA:18,0
DA:23,21
DA:24,0
DA:25,0
DA:28,21
DA:29,34
DA:30,34
DA:31,0
DA:34,34
DA:35,34
LF:17
LH:7
BRF:0
BRH:0
end_of_record
TN:
SF:app/apps/client/index.js
FNF:0
FNH:0
LF:0
LH:0
BRF:0
BRH:0
end_of_record
TN:
SF:app/apps/client/orchestrator.js
FN:14,(anonymous_0)
FN:17,(anonymous_1)
FN:26,(anonymous_2)
FN:33,(anonymous_3)
FN:49,(anonymous_4)
FN:51,(anonymous_5)
FN:53,(anonymous_6)
FN:63,(anonymous_7)
FN:65,(anonymous_8)
FN:70,(anonymous_9)
FN:72,(anonymous_10)
FN:82,(anonymous_11)
FN:87,(anonymous_12)
FN:92,(anonymous_13)
FN:97,(anonymous_14)
FN:105,(anonymous_15)
FN:114,(anonymous_16)
FN:119,(anonymous_17)
FN:124,(anonymous_18)
FN:129,(anonymous_19)
FN:134,(anonymous_20)
FN:144,(anonymous_21)
FN:154,(anonymous_22)
FN:156,(anonymous_23)
FN:158,(anonymous_24)
FN:163,(anonymous_25)
FN:165,(anonymous_26)
FN:167,(anonymous_27)
FN:175,(anonymous_28)
FN:180,(anonymous_29)
FN:185,(anonymous_30)
FN:186,(anonymous_31)
FN:187,(anonymous_32)
FN:198,(anonymous_33)
FNF:34
FNH:11
FNDA:55,(anonymous_0)
FNDA:55,(anonymous_1)
FNDA:21,(anonymous_2)
FNDA:34,(anonymous_3)
FNDA:68,(anonymous_4)
FNDA:13,(anonymous_5)
FNDA:0,(anonymous_6)
FNDA:0,(anonymous_7)
FNDA:0,(anonymous_8)
FNDA:0,(anonymous_9)
FNDA:0,(anonymous_10)
FNDA:0,(anonymous_11)
FNDA:34,(anonymous_12)
FNDA:0,(anonymous_13)
FNDA:0,(anonymous_14)
FNDA:0,(anonymous_15)
FNDA:0,(anonymous_16)
FNDA:0,(anonymous_17)
FNDA:0,(anonymous_18)
FNDA:0,(anonymous_19)
FNDA:0,(anonymous_20)
FNDA:0,(anonymous_21)
FNDA:0,(anonymous_22)
FNDA:0,(anonymous_23)
FNDA:0,(anonymous_24)
FNDA:0,(anonymous_25)
FNDA:0,(anonymous_26)
FNDA:0,(anonymous_27)
FNDA:0,(anonymous_28)
FNDA:0,(anonymous_29)
FNDA:21,(anonymous_30)
FNDA:13,(anonymous_31)
FNDA:13,(anonymous_32)
FNDA:21,(anonymous_33)
DA:14,21
DA:17,55
DA:18,55
DA:19,55
DA:22,55
DA:27,21
DA:28,21
DA:29,21
DA:30,21
DA:33,21
DA:34,34
DA:35,21
DA:36,21
DA:39,34
DA:43,34
DA:45,34
DA:46,34
DA:49,68
DA:51,21
DA:53,21
DA:54,0
DA:55,0
DA:56,0
DA:63,21
DA:65,21
DA:66,0
DA:67,0
DA:70,21
DA:71,0
DA:72,0
DA:82,21
DA:83,0
DA:84,0
DA:87,21
DA:88,34
DA:89,34
DA:92,21
DA:93,0
DA:94,0
DA:97,21
DA:98,0
DA:102,0
DA:105,21
DA:106,0
DA:111,0
DA:114,21
DA:115,0
DA:116,0
DA:119,21
DA:120,0
DA:121,0
DA:124,21
DA:125,0
DA:126,0
DA:129,21
DA:130,0
DA:131,0
DA:134,21
DA:135,0
DA:141,0
DA:144,21
DA:145,0
DA:151,0
DA:154,21
DA:156,21
DA:158,21
DA:159,0
DA:160,0
DA:163,21
DA:165,21
DA:167,21
DA:168,0
DA:175,21
DA:176,0
DA:177,0
DA:180,21
DA:183,21
DA:185,21
DA:186,21
DA:187,13
DA:188,13
DA:189,0
DA:190,0
DA:193,13
DA:194,13
DA:198,21
DA:199,21
DA:200,21
LF:88
LH:54
BRDA:34,0,0,21
BRDA:34,0,1,13
BRDA:55,1,0,0
BRDA:55,1,1,0
BRDA:167,2,0,0
BRDA:167,3,0,0
BRDA:188,4,0,0
BRDA:188,4,1,13
BRF:8
BRH:3
end_of_record
TN:
SF:app/apps/client/communication/index.js
FNF:0
FNH:0
LF:0
LH:0
BRF:0
BRH:0
end_of_record
TN:
SF:app/apps/client/communication/websockets.js
FN:22,(anonymous_0)
FN:27,(anonymous_1)
FN:32,(anonymous_2)
FN:33,(anonymous_3)
FN:44,(anonymous_4)
FN:48,(anonymous_5)
FN:52,(anonymous_6)
FN:53,(anonymous_7)
FN:58,(anonymous_8)
FN:62,(anonymous_9)
FNF:10
FNH:6
FNDA:21,(anonymous_0)
FNDA:13,(anonymous_1)
FNDA:13,(anonymous_2)
FNDA:130,(anonymous_3)
FNDA:34,(anonymous_4)
FNDA:34,(anonymous_5)
FNDA:0,(anonymous_6)
FNDA:0,(anonymous_7)
FNDA:0,(anonymous_8)
FNDA:0,(anonymous_9)
DA:8,21
DA:23,21
DA:25,21
DA:27,21
DA:28,13
DA:33,13
DA:34,130
DA:37,13
DA:38,13
DA:39,13
DA:40,13
DA:41,13
DA:45,34
DA:49,34
DA:52,21
DA:53,0
DA:54,0
DA:58,21
DA:59,0
DA:62,21
LF:20
LH:17
BRF:0
BRH:0
end_of_record
TN:
SF:app/apps/client/gameCenter/gameCenter.js
FN:9,(anonymous_0)
FN:21,(anonymous_1)
FN:40,(anonymous_2)
FN:46,(anonymous_3)
FN:49,(anonymous_4)
FN:52,(anonymous_5)
FN:57,(anonymous_6)
FN:63,(anonymous_7)
FN:66,(anonymous_8)
FN:77,(anonymous_9)
FN:86,(anonymous_10)
FN:94,(anonymous_11)
FN:99,(anonymous_12)
FNF:13
FNH:0
FNDA:0,(anonymous_0)
FNDA:0,(anonymous_1)
FNDA:0,(anonymous_2)
FNDA:0,(anonymous_3)
FNDA:0,(anonymous_4)
FNDA:0,(anonymous_5)
FNDA:0,(anonymous_6)
FNDA:0,(anonymous_7)
FNDA:0,(anonymous_8)
FNDA:0,(anonymous_9)
FNDA:0,(anonymous_10)
FNDA:0,(anonymous_11)
FNDA:0,(anonymous_12)
DA:9,21
DA:10,0
DA:11,0
DA:12,0
DA:14,0
DA:17,0
DA:18,0
DA:21,21
DA:22,0
DA:23,0
DA:25,0
DA:26,0
DA:27,0
DA:28,0
DA:39,21
DA:41,0
DA:42,0
DA:44,0
DA:47,0
DA:50,0
DA:53,0
DA:54,0
DA:55,0
DA:57,0
DA:58,0
DA:59,0
DA:64,0
DA:67,0
DA:69,0
DA:77,21
DA:78,0
DA:79,0
DA:80,0
DA:81,0
DA:82,0
DA:84,0
DA:86,0
DA:87,0
DA:90,0
DA:93,21
DA:95,0
DA:97,0
DA:100,0
DA:101,0
LF:44
LH:5
BRDA:23,0,0,0
BRDA:25,1,0,0
BRDA:25,1,1,0
BRDA:27,2,0,0
BRDA:27,2,1,0
BRDA:41,3,0,0
BRDA:41,3,1,0
BRDA:54,4,0,0
BRDA:54,4,1,0
BRDA:54,5,0,0
BRDA:54,5,1,0
BRDA:58,6,0,0
BRDA:58,6,1,0
BRF:13
BRH:0
end_of_record
TN:
SF:app/apps/client/gameCenter/gameContainer.js
FN:9,(anonymous_0)
FN:26,(anonymous_1)
FN:34,(anonymous_2)
FN:45,(anonymous_3)
FN:53,(anonymous_4)
FN:62,(anonymous_5)
FN:71,(anonymous_6)
FNF:7
FNH:0
FNDA:0,(anonymous_0)
FNDA:0,(anonymous_1)
FNDA:0,(anonymous_2)
FNDA:0,(anonymous_3)
FNDA:0,(anonymous_4)
FNDA:0,(anonymous_5)
FNDA:0,(anonymous_6)
DA:9,21
DA:12,0
DA:13,0
DA:14,0
DA:15,0
DA:17,0
DA:22,0
DA:25,21
DA:29,0
DA:30,0
DA:32,0
DA:37,0
DA:38,0
DA:40,0
DA:44,21
DA:48,0
DA:50,0
DA:51,0
DA:56,0
DA:58,0
DA:62,21
DA:63,0
DA:65,0
DA:71,21
DA:72,0
DA:74,0
LF:26
LH:5
BRF:0
BRH:0
end_of_record
TN:
SF:app/apps/client/gameCenter/invitePlayers.js
FN:19,(anonymous_0)
FN:22,(anonymous_1)
FN:27,(anonymous_2)
FN:31,(anonymous_3)
FN:33,(anonymous_4)
FN:36,(anonymous_5)
FN:39,(anonymous_6)
FN:42,(anonymous_7)
FN:45,(anonymous_8)
FN:48,(anonymous_9)
FN:51,(anonymous_10)
FN:54,(anonymous_11)
FN:55,(anonymous_12)
FN:57,(anonymous_13)
FN:58,(anonymous_14)
FN:60,(anonymous_15)
FN:63,(anonymous_16)
FN:64,(anonymous_17)
FN:66,(anonymous_18)
FN:69,(anonymous_19)
FN:75,(anonymous_20)
FN:81,(anonymous_21)
FN:93,(anonymous_22)
FN:114,(anonymous_23)
FN:116,(anonymous_24)
FN:121,(anonymous_25)
FN:125,(anonymous_26)
FN:126,(anonymous_27)
FN:128,(anonymous_28)
FN:136,(anonymous_29)
FN:139,(anonymous_30)
FN:142,(anonymous_31)
FN:149,(anonymous_32)
FN:154,(anonymous_33)
FN:162,(anonymous_34)
FN:169,(anonymous_35)
FN:172,(anonymous_36)
FN:182,(anonymous_37)
FN:185,(anonymous_38)
FN:188,(anonymous_39)
FN:191,(anonymous_40)
FN:196,(anonymous_41)
FN:203,(anonymous_42)
FN:209,(anonymous_43)
FNF:44
FNH:0
FNDA:0,(anonymous_0)
FNDA:0,(anonymous_1)
FNDA:0,(anonymous_2)
FNDA:0,(anonymous_3)
FNDA:0,(anonymous_4)
FNDA:0,(anonymous_5)
FNDA:0,(anonymous_6)
FNDA:0,(anonymous_7)
FNDA:0,(anonymous_8)
FNDA:0,(anonymous_9)
FNDA:0,(anonymous_10)
FNDA:0,(anonymous_11)
FNDA:0,(anonymous_12)
FNDA:0,(anonymous_13)
FNDA:0,(anonymous_14)
FNDA:0,(anonymous_15)
FNDA:0,(anonymous_16)
FNDA:0,(anonymous_17)
FNDA:0,(anonymous_18)
FNDA:0,(anonymous_19)
FNDA:0,(anonymous_20)
FNDA:0,(anonymous_21)
FNDA:0,(anonymous_22)
FNDA:0,(anonymous_23)
FNDA:0,(anonymous_24)
FNDA:0,(anonymous_25)
FNDA:0,(anonymous_26)
FNDA:0,(anonymous_27)
FNDA:0,(anonymous_28)
FNDA:0,(anonymous_29)
FNDA:0,(anonymous_30)
FNDA:0,(anonymous_31)
FNDA:0,(anonymous_32)
FNDA:0,(anonymous_33)
FNDA:0,(anonymous_34)
FNDA:0,(anonymous_35)
FNDA:0,(anonymous_36)
FNDA:0,(anonymous_37)
FNDA:0,(anonymous_38)
FNDA:0,(anonymous_39)
FNDA:0,(anonymous_40)
FNDA:0,(anonymous_41)
FNDA:0,(anonymous_42)
FNDA:0,(anonymous_43)
DA:18,21
DA:20,0
DA:23,0
DA:24,0
DA:25,0
DA:27,0
DA:28,0
DA:29,0
DA:31,0
DA:34,0
DA:37,0
DA:40,0
DA:43,0
DA:46,0
DA:49,0
DA:52,0
DA:55,0
DA:58,0
DA:59,0
DA:60,0
DA:64,0
DA:65,0
DA:66,0
DA:70,0
DA:74,21
DA:76,0
DA:80,0
DA:81,0
DA:82,0
DA:84,0
DA:85,0
DA:87,0
DA:93,0
DA:94,0
DA:95,0
DA:98,0
DA:104,0
DA:107,0
DA:109,0
DA:114,21
DA:115,0
DA:116,0
DA:117,0
DA:118,0
DA:120,0
DA:121,0
DA:122,0
DA:125,0
DA:126,0
DA:128,0
DA:129,0
DA:130,0
DA:131,0
DA:135,21
DA:137,0
DA:140,0
DA:143,0
DA:144,0
DA:145,0
DA:150,0
DA:155,0
DA:156,0
DA:157,0
DA:161,21
DA:163,0
DA:164,0
DA:165,0
DA:166,0
DA:167,0
DA:170,0
DA:173,0
DA:174,0
DA:176,0
DA:177,0
DA:178,0
DA:179,0
DA:183,0
DA:186,0
DA:189,0
DA:192,0
DA:193,0
DA:196,21
DA:197,0
DA:199,0
DA:200,0
DA:203,21
DA:204,0
DA:205,0
DA:206,0
DA:207,0
DA:209,0
DA:210,0
DA:232,0
LF:93
LH:7
BRDA:28,0,0,0
BRDA:28,0,1,0
BRDA:58,1,0,0
BRDA:60,2,0,0
BRDA:60,2,1,0
BRDA:64,3,0,0
BRDA:66,4,0,0
BRDA:66,4,1,0
BRDA:94,5,0,0
BRDA:94,5,1,0
BRDA:117,6,0,0
BRDA:117,6,1,0
BRDA:121,7,0,0
BRDA:121,7,1,0
BRDA:157,8,0,0
BRDA:157,8,1,0
BRDA:164,9,0,0
BRDA:164,9,1,0
BRDA:166,10,0,0
BRDA:166,10,1,0
BRDA:166,10,2,0
BRDA:166,10,3,0
BRDA:177,11,0,0
BRDA:177,11,1,0
BRDA:177,12,0,0
BRDA:177,12,1,0
BRDA:179,13,0,0
BRDA:179,13,1,0
BRDA:209,14,0,0
BRF:29
BRH:0
end_of_record
TN:
SF:app/apps/client/gameCenter/app/apps/client/gameCenter/tabBar.ts
FN:7,(anonymous_0)
FN:13,(anonymous_1)
FNF:2
FNH:2
FNDA:6,(anonymous_0)
FNDA:4,(anonymous_1)
DA:7,21
DA:8,6
DA:10,6
DA:11,6
DA:12,6
DA:14,4
LF:6
LH:6
BRDA:8,0,0,4
BRDA:10,1,0,6
BRDA:10,1,1,6
BRDA:14,2,0,0
BRDA:14,2,1,4
BRDA:14,3,0,4
BRDA:14,3,1,2
BRDA:14,3,2,2
BRF:8
BRH:7
end_of_record
TN:
SF:app/apps/lib/misc/Utilities.js
FN:2,(anonymous_0)
FN:6,(anonymous_1)
FN:27,(anonymous_2)
FN:34,(anonymous_3)
FN:49,(anonymous_4)
FNF:5
FNH:0
FNDA:0,(anonymous_0)
FNDA:0,(anonymous_1)
FNDA:0,(anonymous_2)
FNDA:0,(anonymous_3)
FNDA:0,(anonymous_4)
DA:3,0
DA:7,0
DA:9,0
DA:12,0
DA:13,0
DA:15,0
DA:16,0
DA:20,0
DA:21,0
DA:24,0
DA:26,0
DA:27,0
DA:28,0
DA:32,0
DA:33,0
DA:34,0
DA:36,0
DA:38,0
DA:41,0
DA:42,0
DA:43,0
DA:44,0
DA:48,0
DA:49,0
DA:50,0
DA:51,0
DA:52,0
DA:53,0
DA:54,0
DA:57,0
DA:58,0
DA:59,0
DA:60,0
DA:61,0
DA:62,0
DA:64,0
DA:67,0
DA:68,0
DA:69,0
DA:72,0
LF:40
LH:0
BRDA:3,0,0,0
BRDA:3,0,1,0
BRDA:6,1,0,0
BRDA:6,2,0,0
BRDA:12,3,0,0
BRDA:12,3,1,0
BRDA:15,4,0,0
BRDA:15,4,1,0
BRDA:21,5,0,0
BRDA:21,5,1,0
BRDA:26,6,0,0
BRDA:26,6,1,0
BRDA:32,7,0,0
BRDA:32,7,1,0
BRDA:41,8,0,0
BRDA:41,8,1,0
BRDA:54,9,0,0
BRDA:54,9,1,0
BRDA:54,10,0,0
BRDA:54,10,1,0
BRDA:57,11,0,0
BRDA:57,11,1,0
BRDA:58,12,0,0
BRDA:58,12,1,0
BRDA:59,13,0,0
BRDA:59,13,1,0
BRF:26
BRH:0
end_of_record
TN:
SF:app/authorization/index.js
FNF:0
FNH:0
DA:3,21
DA:4,21
DA:6,21
DA:7,0
LF:4
LH:3
BRDA:3,0,0,21
BRDA:3,0,1,0
BRDA:6,1,0,0
BRDA:6,1,1,21
BRF:4
BRH:2
end_of_record
TN:
SF:app/authorization/client/index.js
FNF:0
FNH:0
LF:0
LH:0
BRF:0
BRH:0
end_of_record
TN:
SF:app/authorization/client/startup.js
FN:11,(anonymous_0)
FN:12,(anonymous_1)
FN:15,(anonymous_2)
FN:16,(anonymous_3)
FN:25,(anonymous_4)
FN:30,(anonymous_5)
FN:34,(anonymous_6)
FN:39,(anonymous_7)
FN:43,(anonymous_8)
FNF:9
FNH:5
FNDA:21,(anonymous_0)
FNDA:13,(anonymous_1)
FNDA:143,(anonymous_2)
FNDA:26,(anonymous_3)
FNDA:0,(anonymous_4)
FNDA:0,(anonymous_5)
FNDA:0,(anonymous_6)
FNDA:34,(anonymous_7)
FNDA:0,(anonymous_8)
DA:11,21
DA:12,21
DA:13,13
DA:15,143
DA:16,26
DA:18,13
DA:21,21
DA:26,0
DA:29,21
DA:31,0
DA:32,0
DA:35,0
DA:39,21
DA:40,34
DA:41,21
DA:43,13
DA:44,13
LF:17
LH:13
BRDA:40,0,0,21
BRDA:40,0,1,13
BRF:2
BRH:2
end_of_record
TN:
SF:app/authorization/client/app/authorization/client/hasPermission.ts
FN:8,(anonymous_0)
FN:11,(anonymous_1)
FN:12,(anonymous_2)
FN:17,(anonymous_3)
FN:29,(anonymous_4)
FN:47,(anonymous_5)
FN:66,(anonymous_6)
FN:69,(anonymous_7)
FN:72,(anonymous_8)
FNF:9
FNH:8
FNDA:370,(anonymous_0)
FNDA:42,(anonymous_1)
FNDA:186,(anonymous_2)
FNDA:186,(anonymous_3)
FNDA:370,(anonymous_4)
FNDA:322,(anonymous_5)
FNDA:252,(anonymous_6)
FNDA:70,(anonymous_7)
FNDA:0,(anonymous_8)
DA:8,370
DA:11,21
DA:12,42
DA:13,186
DA:15,186
DA:17,186
DA:18,186
DA:19,170
DA:20,0
DA:24,186
DA:27,186
DA:29,186
DA:30,370
DA:31,370
DA:33,370
DA:34,34
DA:37,336
DA:38,336
DA:43,21
DA:45,21
DA:47,21
DA:53,322
DA:55,322
DA:56,84
DA:59,238
DA:60,52
DA:63,186
DA:66,21
DA:67,252
DA:69,21
DA:70,70
DA:72,21
DA:76,0
DA:78,21
LF:34
LH:32
BRDA:8,0,0,370
BRDA:8,0,1,336
BRDA:18,1,0,170
BRDA:19,2,0,0
BRDA:27,3,0,186
BRDA:27,3,1,0
BRDA:33,4,0,34
BRDA:38,5,0,336
BRDA:38,5,1,336
BRDA:53,6,0,322
BRDA:53,6,1,322
BRDA:55,7,0,84
BRDA:59,8,0,52
BRF:13
BRH:11
end_of_record
TN:
SF:app/authorization/client/app/authorization/client/hasRole.ts
FN:5,(anonymous_0)
FN:13,(anonymous_1)
FNF:2
FNH:1
FNDA:132,(anonymous_0)
FNDA:0,(anonymous_1)
DA:5,21
DA:6,132
DA:7,0
DA:10,132
DA:13,21
DA:14,0
DA:15,0
DA:18,0
LF:8
LH:4
BRDA:6,0,0,0
BRDA:14,1,0,0
BRF:2
BRH:0
end_of_record
TN:
SF:app/authorization/client/lib/ChatPermissions.js
FNF:0
FNH:0
DA:3,21
LF:1
LH:1
BRF:0
BRH:0
end_of_record
TN:
SF:app/authorization/client/lib/streamer.js
FNF:0
FNH:0
DA:3,21
LF:1
LH:1
BRF:0
BRH:0
end_of_record
TN:
SF:app/authorization/lib/app/authorization/lib/AuthorizationUtils.ts
FN:4,(anonymous_0)
FN:24,(anonymous_1)
FN:41,(anonymous_2)
FNF:3
FNH:2
FNDA:0,(anonymous_0)
FNDA:170,(anonymous_1)
FNDA:170,(anonymous_2)
DA:1,21
DA:3,21
DA:5,0
DA:6,0
DA:9,0
DA:10,0
DA:13,0
DA:14,0
DA:17,0
DA:19,0
DA:20,0
DA:25,170
DA:26,0
DA:29,170
DA:30,170
DA:33,0
DA:34,0
DA:35,0
DA:38,0
DA:42,170
DA:43,0
DA:46,170
DA:47,170
DA:48,0
DA:52,170
LF:25
LH:9
BRDA:5,0,0,0
BRDA:9,1,0,0
BRDA:13,2,0,0
BRDA:25,3,0,0
BRDA:25,4,0,170
BRDA:25,4,1,170
BRDA:29,5,0,170
BRDA:34,6,0,0
BRDA:34,7,0,0
BRDA:34,7,1,0
BRDA:42,8,0,0
BRDA:42,9,0,170
BRDA:42,9,1,170
BRDA:47,10,0,0
BRF:14
BRH:5
end_of_record
TN:
SF:app/autolinker/client/client.js
FN:7,(anonymous_0)
FN:8,(anonymous_1)
FN:16,(anonymous_2)
FN:23,(anonymous_3)
FN:32,(anonymous_4)
FNF:5
FNH:1
FNDA:21,(anonymous_0)
FNDA:0,(anonymous_1)
FNDA:0,(anonymous_2)
FNDA:0,(anonymous_3)
FNDA:0,(anonymous_4)
DA:7,21
DA:8,21
DA:9,0
DA:10,0
DA:15,0
DA:16,0
DA:17,0
DA:19,0
DA:22,0
DA:24,0
DA:25,0
DA:28,0
DA:33,0
DA:34,0
DA:36,0
DA:37,0
DA:40,0
DA:41,0
DA:45,0
DA:49,0
DA:51,0
DA:53,0
DA:57,0
LF:23
LH:2
BRDA:9,0,0,0
BRDA:9,0,1,0
BRDA:15,1,0,0
BRDA:15,1,1,0
BRDA:15,2,0,0
BRDA:15,2,1,0
BRDA:16,3,0,0
BRDA:16,3,1,0
BRDA:24,4,0,0
BRDA:24,4,1,0
BRDA:24,5,0,0
BRDA:24,5,1,0
BRDA:36,6,0,0
BRDA:36,6,1,0
BRDA:40,7,0,0
BRDA:40,7,1,0
BRDA:53,8,0,0
BRDA:53,8,1,0
BRF:18
BRH:0
end_of_record
TN:
SF:app/autolinker/client/index.js
FNF:0
FNH:0
LF:0
LH:0
BRF:0
BRH:0
end_of_record
TN:
SF:app/autotranslate/client/index.js
FNF:0
FNH:0
LF:0
LH:0
BRF:0
BRH:0
end_of_record
TN:
SF:app/autotranslate/client/lib/autotranslate.js
FN:13,(anonymous_0)
FN:14,(anonymous_1)
FN:30,(anonymous_2)
FN:32,(anonymous_3)
FN:46,(anonymous_4)
FN:65,(anonymous_5)
FN:70,(anonymous_6)
FN:85,(anonymous_7)
FN:96,(anonymous_8)
FN:99,(anonymous_9)
FN:123,(anonymous_10)
FN:126,(anonymous_11)
FNF:12
FNH:7
FNDA:21,(anonymous_0)
FNDA:63,(anonymous_1)
FNDA:2,(anonymous_2)
FNDA:2,(anonymous_3)
FNDA:0,(anonymous_4)
FNDA:21,(anonymous_5)
FNDA:51,(anonymous_6)
FNDA:8,(anonymous_7)
FNDA:0,(anonymous_8)
FNDA:0,(anonymous_9)
FNDA:0,(anonymous_10)
FNDA:0,(anonymous_11)
DA:10,21
DA:11,21
DA:13,21
DA:14,21
DA:15,63
DA:16,63
DA:17,34
DA:19,29
DA:20,29
DA:24,21
DA:30,2
DA:33,2
DA:34,2
DA:35,2
DA:37,2
DA:38,2
DA:39,0
DA:40,0
DA:43,2
DA:47,0
DA:48,0
DA:49,0
DA:50,0
DA:53,0
DA:54,0
DA:57,0
DA:58,0
DA:62,0
DA:66,21
DA:67,0
DA:70,21
DA:71,51
DA:72,51
DA:73,42
DA:76,9
DA:78,9
DA:84,21
DA:86,8
DA:87,0
DA:92,21
DA:96,21
DA:97,0
DA:99,0
DA:100,0
DA:101,0
DA:102,0
DA:103,0
DA:104,0
DA:106,0
DA:107,0
DA:108,0
DA:109,0
DA:112,0
DA:113,0
DA:116,0
DA:117,0
DA:119,0
DA:123,21
DA:124,0
DA:126,0
DA:127,0
DA:128,0
DA:129,0
DA:130,0
DA:137,0
DA:138,0
DA:139,0
DA:140,0
DA:141,0
DA:142,0
LF:70
LH:29
BRDA:16,0,0,34
BRDA:16,0,1,29
BRDA:19,1,0,29
BRDA:19,1,1,29
BRDA:34,2,0,2
BRDA:34,2,1,0
BRDA:37,3,0,2
BRDA:37,3,1,2
BRDA:37,3,2,2
BRDA:37,3,3,0
BRDA:38,4,0,0
BRDA:38,4,1,2
BRDA:39,5,0,0
BRDA:39,5,1,0
BRDA:48,6,0,0
BRDA:48,6,1,0
BRDA:49,7,0,0
BRDA:49,7,1,0
BRDA:49,8,0,0
BRDA:49,8,1,0
BRDA:49,8,2,0
BRDA:53,9,0,0
BRDA:53,9,1,0
BRDA:53,10,0,0
BRDA:53,10,1,0
BRDA:53,10,2,0
BRDA:57,11,0,0
BRDA:57,11,1,0
BRDA:57,12,0,0
BRDA:57,12,1,0
BRDA:66,13,0,0
BRDA:66,13,1,21
BRDA:72,14,0,42
BRDA:72,14,1,9
BRDA:72,15,0,51
BRDA:72,15,1,30
BRDA:86,16,0,0
BRDA:86,16,1,8
BRDA:86,17,0,8
BRDA:86,17,1,8
BRDA:102,18,0,0
BRDA:102,18,1,0
BRDA:102,19,0,0
BRDA:102,19,1,0
BRDA:103,20,0,0
BRDA:103,20,1,0
BRDA:106,21,0,0
BRDA:106,21,1,0
BRDA:106,22,0,0
BRDA:106,22,1,0
BRDA:108,23,0,0
BRDA:108,23,1,0
BRDA:112,24,0,0
BRDA:112,24,1,0
BRDA:112,25,0,0
BRDA:112,25,1,0
BRDA:116,26,0,0
BRDA:116,26,1,0
BRDA:116,27,0,0
BRDA:116,27,1,0
BRDA:127,28,0,0
BRDA:127,28,1,0
BRDA:127,29,0,0
BRDA:127,29,1,0
BRDA:130,30,0,0
BRDA:130,30,1,0
BRDA:131,31,0,0
BRDA:131,31,1,0
BRDA:131,31,2,0
BRDA:131,31,3,0
BRDA:131,31,4,0
BRDA:138,32,0,0
BRDA:138,32,1,0
BRDA:138,33,0,0
BRDA:138,33,1,0
BRDA:138,33,2,0
BRDA:141,34,0,0
BRDA:141,34,1,0
BRF:78
BRH:17
end_of_record
TN:
SF:app/autotranslate/client/lib/app/autotranslate/client/lib/actionButton.ts
FN:12,(anonymous_0)
FN:15,(anonymous_1)
FN:22,(anonymous_2)
FN:34,(anonymous_3)
FN:44,(anonymous_4)
FN:56,(anonymous_5)
FNF:6
FNH:2
FNDA:21,(anonymous_0)
FNDA:42,(anonymous_1)
FNDA:0,(anonymous_2)
FNDA:0,(anonymous_3)
FNDA:0,(anonymous_4)
FNDA:0,(anonymous_5)
DA:12,21
DA:13,21
DA:15,21
DA:16,42
DA:17,0
DA:23,0
DA:24,0
DA:25,0
DA:27,0
DA:28,0
DA:29,0
DA:31,0
DA:32,0
DA:35,0
DA:39,0
DA:45,0
DA:46,0
DA:47,0
DA:49,0
DA:50,0
DA:51,0
DA:53,0
DA:54,0
DA:57,0
DA:62,42
LF:25
LH:5
BRDA:16,0,0,0
BRDA:16,0,1,42
BRDA:16,1,0,42
BRDA:16,1,1,0
BRDA:23,2,0,0
BRDA:25,3,0,0
BRDA:25,4,0,0
BRDA:25,4,1,0
BRDA:31,5,0,0
BRDA:31,5,1,0
BRDA:35,6,0,0
BRDA:35,6,1,0
BRDA:35,6,2,0
BRDA:35,6,3,0
BRDA:45,7,0,0
BRDA:47,8,0,0
BRDA:47,9,0,0
BRDA:47,9,1,0
BRDA:53,10,0,0
BRDA:53,10,1,0
BRDA:57,11,0,0
BRDA:57,11,1,0
BRDA:57,11,2,0
BRDA:57,11,3,0
BRF:24
BRH:2
end_of_record
TN:
SF:app/autotranslate/client/lib/app/autotranslate/client/lib/tabBar.ts
FN:7,(anonymous_0)
FN:11,(anonymous_1)
FN:18,(anonymous_2)
FNF:3
FNH:2
FNDA:6,(anonymous_0)
FNDA:2,(anonymous_1)
FNDA:0,(anonymous_2)
DA:7,21
DA:8,6
DA:9,6
DA:10,6
DA:12,2
DA:18,0
LF:6
LH:5
BRDA:12,0,0,0
BRDA:12,0,1,2
BRDA:12,1,0,2
BRDA:12,1,1,0
BRF:4
BRH:2
end_of_record
TN:
SF:app/blockstack/client/index.js
FN:7,(anonymous_0)
FN:10,(anonymous_1)
FN:31,(anonymous_2)
FN:40,(anonymous_3)
FN:49,(anonymous_4)
FNF:5
FNH:0
FNDA:0,(anonymous_0)
FNDA:0,(anonymous_1)
FNDA:0,(anonymous_2)
FNDA:0,(anonymous_3)
FNDA:0,(anonymous_4)
DA:7,21
DA:10,21
DA:11,0
DA:12,0
DA:16,0
DA:18,0
DA:21,0
DA:22,0
DA:31,0
DA:32,0
DA:35,0
DA:39,21
DA:40,21
DA:41,0
DA:45,0
DA:47,0
DA:48,0
DA:49,0
DA:52,0
LF:19
LH:4
BRDA:7,0,0,0
BRDA:7,0,1,0
BRDA:7,1,0,0
BRDA:7,1,1,0
BRDA:10,2,0,0
BRDA:11,3,0,0
BRDA:11,3,1,0
BRDA:11,4,0,0
BRDA:11,4,1,0
BRDA:16,5,0,0
BRDA:16,5,1,0
BRDA:47,6,0,0
BRDA:47,6,1,0
BRDA:47,7,0,0
BRDA:47,7,1,0
BRF:15
BRH:0
end_of_record
TN:
SF:app/blockstack/client/routes.js
FN:5,(anonymous_0)
FN:14,(anonymous_1)
FN:22,(anonymous_2)
FNF:3
FNH:0
FNDA:0,(anonymous_0)
FNDA:0,(anonymous_1)
FNDA:0,(anonymous_2)
DA:5,21
DA:6,0
DA:15,0
DA:20,21
DA:23,0
DA:25,0
DA:26,0
DA:27,0
DA:30,0
DA:31,0
DA:36,0
DA:37,0
DA:40,0
DA:41,0
DA:44,0
LF:15
LH:2
BRDA:5,0,0,0
BRDA:25,1,0,0
BRDA:25,1,1,0
BRDA:30,2,0,0
BRDA:30,2,1,0
BRDA:36,3,0,0
BRDA:36,3,1,0
BRDA:40,4,0,0
BRDA:40,4,1,0
BRF:9
BRH:0
end_of_record
TN:
SF:app/cas/client/cas_client.js
FN:7,(anonymous_0)
FN:28,(anonymous_1)
FN:47,(anonymous_2)
FNF:3
FNH:0
FNDA:0,(anonymous_0)
FNDA:0,(anonymous_1)
FNDA:0,(anonymous_2)
DA:7,21
DA:8,0
DA:9,0
DA:10,0
DA:11,0
DA:16,0
DA:17,0
DA:18,0
DA:20,0
DA:21,0
DA:22,0
DA:25,0
DA:28,21
DA:29,0
DA:31,0
DA:32,0
DA:33,0
DA:34,0
DA:36,0
DA:37,0
DA:40,0
DA:42,0
DA:43,0
DA:45,0
DA:47,0
DA:49,0
DA:53,0
DA:59,0
DA:62,0
DA:63,0
DA:66,0
LF:31
LH:2
BRDA:8,0,0,0
BRDA:8,0,1,0
BRDA:9,1,0,0
BRDA:9,1,1,0
BRDA:10,2,0,0
BRDA:10,2,1,0
BRDA:11,3,0,0
BRDA:11,3,1,0
BRDA:21,4,0,0
BRDA:21,4,1,0
BRDA:29,5,0,0
BRDA:29,5,1,0
BRDA:36,6,0,0
BRDA:36,6,1,0
BRDA:42,7,0,0
BRDA:42,7,1,0
BRDA:45,8,0,0
BRDA:45,8,1,0
BRDA:45,9,0,0
BRDA:45,9,1,0
BRDA:53,10,0,0
BRDA:53,10,1,0
BRDA:62,11,0,0
BRDA:62,11,1,0
BRF:24
BRH:0
end_of_record
TN:
SF:app/cas/client/index.js
FNF:0
FNH:0
LF:0
LH:0
BRF:0
BRH:0
end_of_record
TN:
SF:app/channel-settings/index.js
FNF:0
FNH:0
DA:3,21
DA:4,21
DA:6,21
DA:7,0
LF:4
LH:3
BRDA:3,0,0,21
BRDA:3,0,1,0
BRDA:6,1,0,0
BRDA:6,1,1,21
BRF:4
BRH:2
end_of_record
TN:
SF:app/channel-settings/client/index.js
FNF:0
FNH:0
LF:0
LH:0
BRF:0
BRH:0
end_of_record
TN:
SF:app/channel-settings/client/app/channel-settings/client/tabBar.ts
FN:12,(anonymous_0)
FNF:1
FNH:0
FNDA:0,(anonymous_0)
DA:5,21
DA:12,0
LF:2
LH:1
BRF:0
BRH:0
end_of_record
TN:
SF:app/channel-settings/client/lib/ChannelSettings.js
FN:6,(anonymous_0)
FN:17,(anonymous_1)
FN:21,(anonymous_2)
FN:28,(anonymous_3)
FN:31,(anonymous_4)
FN:38,(anonymous_5)
FNF:6
FNH:3
FNDA:21,(anonymous_0)
FNDA:21,(anonymous_1)
FNDA:21,(anonymous_2)
FNDA:0,(anonymous_3)
FNDA:0,(anonymous_4)
FNDA:0,(anonymous_5)
DA:5,21
DA:7,21
DA:18,21
DA:19,0
DA:21,21
DA:22,21
DA:23,21
DA:24,21
DA:29,0
DA:30,0
DA:32,0
DA:33,0
DA:34,0
DA:35,0
DA:39,0
DA:41,0
LF:16
LH:7
BRDA:18,0,0,0
BRDA:18,0,1,21
BRDA:18,1,0,21
BRDA:18,1,1,21
BRDA:28,2,0,0
BRDA:33,3,0,0
BRDA:33,3,1,0
BRDA:33,4,0,0
BRDA:33,4,1,0
BRDA:34,5,0,0
BRDA:34,5,1,0
BRDA:39,6,0,0
BRDA:39,6,1,0
BRDA:39,6,2,0
BRF:14
BRH:3
end_of_record
TN:
SF:app/chatpal-search/client/index.js
FNF:0
FNH:0
LF:0
LH:0
BRF:0
BRH:0
end_of_record
TN:
SF:app/chatpal-search/client/template/admin.js
FN:11,(anonymous_0)
FN:22,(anonymous_1)
FN:28,(anonymous_2)
FN:55,(anonymous_3)
FN:82,(anonymous_4)
FN:85,(anonymous_5)
FN:88,(anonymous_6)
FNF:7
FNH:0
FNDA:0,(anonymous_0)
FNDA:0,(anonymous_1)
FNDA:0,(anonymous_2)
FNDA:0,(anonymous_3)
FNDA:0,(anonymous_4)
FNDA:0,(anonymous_5)
FNDA:0,(anonymous_6)
DA:11,21
DA:12,0
DA:14,0
DA:16,0
DA:18,0
DA:20,0
DA:22,0
DA:23,0
DA:27,21
DA:29,0
DA:31,0
DA:32,0
DA:34,0
DA:35,0
DA:40,0
DA:41,0
DA:46,0
DA:47,0
DA:54,0
DA:55,0
DA:56,0
DA:57,0
DA:63,0
DA:68,0
DA:71,0
DA:72,0
DA:81,21
DA:83,0
DA:86,0
DA:89,0
LF:30
LH:3
BRDA:18,0,0,0
BRDA:18,0,1,0
BRDA:18,1,0,0
BRDA:18,1,1,0
BRDA:34,2,0,0
BRDA:34,2,1,0
BRDA:40,3,0,0
BRDA:40,3,1,0
BRDA:40,4,0,0
BRDA:40,4,1,0
BRDA:46,5,0,0
BRDA:46,5,1,0
BRDA:56,6,0,0
BRDA:56,6,1,0
BRF:14
BRH:0
end_of_record
TN:
SF:app/chatpal-search/client/template/result.js
FN:12,(anonymous_0)
FN:14,(anonymous_1)
FN:21,(anonymous_2)
FN:27,(anonymous_3)
FN:31,(anonymous_4)
FN:35,(anonymous_5)
FN:45,(anonymous_6)
FN:48,(anonymous_7)
FN:51,(anonymous_8)
FN:54,(anonymous_9)
FN:57,(anonymous_10)
FN:66,(anonymous_11)
FN:71,(anonymous_12)
FN:84,(anonymous_13)
FN:87,(anonymous_14)
FN:100,(anonymous_15)
FN:108,(anonymous_16)
FN:112,(anonymous_17)
FN:116,(anonymous_18)
FN:121,(anonymous_19)
FN:124,(anonymous_20)
FN:131,(anonymous_21)
FN:137,(anonymous_22)
FN:140,(anonymous_23)
FN:147,(anonymous_24)
FNF:25
FNH:0
FNDA:0,(anonymous_0)
FNDA:0,(anonymous_1)
FNDA:0,(anonymous_2)
FNDA:0,(anonymous_3)
FNDA:0,(anonymous_4)
FNDA:0,(anonymous_5)
FNDA:0,(anonymous_6)
FNDA:0,(anonymous_7)
FNDA:0,(anonymous_8)
FNDA:0,(anonymous_9)
FNDA:0,(anonymous_10)
FNDA:0,(anonymous_11)
FNDA:0,(anonymous_12)
FNDA:0,(anonymous_13)
FNDA:0,(anonymous_14)
FNDA:0,(anonymous_15)
FNDA:0,(anonymous_16)
FNDA:0,(anonymous_17)
FNDA:0,(anonymous_18)
FNDA:0,(anonymous_19)
FNDA:0,(anonymous_20)
FNDA:0,(anonymous_21)
FNDA:0,(anonymous_22)
FNDA:0,(anonymous_23)
FNDA:0,(anonymous_24)
DA:12,21
DA:14,21
DA:15,0
DA:16,0
DA:17,0
DA:20,21
DA:22,0
DA:23,0
DA:24,0
DA:25,0
DA:28,0
DA:29,0
DA:32,0
DA:33,0
DA:36,0
DA:37,0
DA:38,0
DA:39,0
DA:40,0
DA:44,21
DA:46,0
DA:49,0
DA:52,0
DA:55,0
DA:58,0
DA:60,0
DA:61,0
DA:64,0
DA:67,0
DA:69,0
DA:72,0
DA:73,0
DA:74,0
DA:76,0
DA:78,0
DA:80,0
DA:85,0
DA:88,0
DA:89,0
DA:90,0
DA:91,0
DA:99,21
DA:101,0
DA:102,0
DA:103,0
DA:105,0
DA:109,0
DA:113,0
DA:117,0
DA:118,0
DA:122,0
DA:125,0
DA:130,21
DA:132,0
DA:133,0
DA:135,0
DA:138,0
DA:141,0
DA:142,0
DA:146,21
DA:148,0
DA:149,0
LF:62
LH:7
BRDA:32,0,0,0
BRDA:32,0,1,0
BRDA:55,1,0,0
BRDA:55,1,1,0
BRDA:60,2,0,0
BRDA:60,2,1,0
BRDA:64,3,0,0
BRDA:64,3,1,0
BRDA:64,3,2,0
BRDA:73,4,0,0
BRDA:73,4,1,0
BRDA:74,5,0,0
BRDA:74,5,1,0
BRDA:74,5,2,0
BRDA:85,6,0,0
BRDA:85,6,1,0
BRDA:90,7,0,0
BRDA:90,7,1,0
BRDA:102,8,0,0
BRDA:102,8,1,0
BRDA:102,9,0,0
BRDA:102,9,1,0
BRDA:132,10,0,0
BRDA:132,10,1,0
BRDA:148,11,0,0
BRDA:148,11,1,0
BRF:26
BRH:0
end_of_record
TN:
SF:app/chatpal-search/client/template/suggestion.js
FN:3,(anonymous_0)
FN:5,(anonymous_1)
FNF:2
FNH:0
FNDA:0,(anonymous_0)
FNDA:0,(anonymous_1)
DA:3,21
DA:4,0
DA:5,0
DA:6,0
LF:4
LH:1
BRDA:4,0,0,0
BRDA:4,0,1,0
BRF:2
BRH:0
end_of_record
TN:
SF:app/colors/client/client.js
FN:3,(anonymous_0)
FN:3,(anonymous_1)
FN:10,(anonymous_2)
FNF:3
FNH:1
FNDA:21,(anonymous_0)
FNDA:0,(anonymous_1)
FNDA:0,(anonymous_2)
DA:3,21
DA:4,0
DA:5,0
DA:8,0
DA:10,0
DA:11,0
DA:16,0
LF:7
LH:1
BRDA:4,0,0,0
BRDA:4,0,1,0
BRF:2
BRH:0
end_of_record
TN:
SF:app/colors/client/index.js
FNF:0
FNH:0
LF:0
LH:0
BRF:0
BRH:0
end_of_record
TN:
SF:app/cors/client/index.js
FN:6,(anonymous_0)
FN:7,(anonymous_1)
FNF:2
FNH:2
FNDA:21,(anonymous_0)
FNDA:42,(anonymous_1)
DA:6,21
DA:7,21
DA:8,42
LF:3
LH:3
BRF:0
BRH:0
end_of_record
TN:
SF:app/crowd/client/index.js
FNF:0
FNH:0
LF:0
LH:0
BRF:0
BRH:0
end_of_record
TN:
SF:app/crowd/client/loginHelper.js
FN:4,(anonymous_0)
FN:17,(anonymous_1)
FNF:2
FNH:0
FNDA:0,(anonymous_0)
FNDA:0,(anonymous_1)
DA:4,21
DA:6,0
DA:7,0
DA:8,0
DA:10,0
DA:15,0
DA:18,0
DA:19,0
DA:20,0
DA:22,0
LF:10
LH:1
BRDA:18,0,0,0
BRDA:18,0,1,0
BRDA:19,1,0,0
BRDA:19,1,1,0
BRF:4
BRH:0
end_of_record
TN:
SF:app/custom-oauth/index.js
FNF:0
FNH:0
DA:3,21
DA:4,21
DA:6,21
DA:7,0
LF:4
LH:3
BRDA:3,0,0,21
BRDA:3,0,1,0
BRDA:6,1,0,0
BRDA:6,1,1,21
BRF:4
BRH:2
end_of_record
TN:
SF:app/custom-oauth/client/custom_oauth_client.js
FN:19,(anonymous_0)
FN:32,(anonymous_1)
FN:59,(anonymous_2)
FN:62,(anonymous_3)
FN:74,(anonymous_4)
FNF:5
FNH:3
FNDA:168,(anonymous_0)
FNDA:189,(anonymous_1)
FNDA:168,(anonymous_2)
FNDA:0,(anonymous_3)
FNDA:0,(anonymous_4)
DA:20,168
DA:21,168
DA:22,0
DA:25,168
DA:27,168
DA:29,168
DA:33,189
DA:34,0
DA:37,189
DA:38,0
DA:41,189
DA:42,42
DA:45,189
DA:46,42
DA:49,189
DA:50,189
DA:51,189
DA:52,189
DA:54,189
DA:55,189
DA:60,168
DA:62,168
DA:64,0
DA:65,0
DA:66,0
DA:69,0
DA:70,0
DA:76,0
DA:77,0
DA:78,0
DA:81,0
DA:82,0
DA:83,0
DA:84,0
DA:86,0
DA:89,0
DA:90,0
DA:92,0
DA:95,0
DA:102,0
LF:40
LH:19
BRDA:21,0,0,0
BRDA:21,0,1,168
BRDA:33,1,0,0
BRDA:33,1,1,189
BRDA:37,2,0,0
BRDA:37,2,1,189
BRDA:41,3,0,42
BRDA:41,3,1,147
BRDA:45,4,0,42
BRDA:45,4,1,147
BRDA:52,5,0,189
BRDA:52,5,1,168
BRDA:54,6,0,189
BRDA:54,6,1,0
BRDA:60,7,0,168
BRDA:60,7,1,0
BRDA:64,8,0,0
BRDA:64,8,1,0
BRDA:64,9,0,0
BRDA:64,9,1,0
BRDA:76,10,0,0
BRDA:76,10,1,0
BRDA:76,11,0,0
BRDA:76,11,1,0
BRDA:82,12,0,0
BRDA:82,12,1,0
BRDA:83,13,0,0
BRDA:83,13,1,0
BRDA:92,14,0,0
BRDA:92,14,1,0
BRF:30
BRH:11
end_of_record
TN:
SF:app/custom-oauth/client/swapSessionStorage.js
FN:11,(anonymous_0)
FN:16,(anonymous_1)
FNF:2
FNH:0
FNDA:0,(anonymous_0)
FNDA:0,(anonymous_1)
DA:8,21
DA:9,0
DA:11,0
DA:12,0
DA:13,0
DA:16,0
DA:17,0
DA:18,0
DA:19,0
DA:20,0
DA:22,0
DA:25,0
DA:26,0
DA:29,0
DA:30,0
DA:32,0
DA:33,0
DA:34,0
DA:36,0
DA:38,0
LF:20
LH:1
BRDA:8,0,0,0
BRDA:8,0,1,21
BRDA:25,1,0,0
BRDA:25,1,1,0
BRDA:25,2,0,0
BRDA:25,2,1,0
BRF:6
BRH:1
end_of_record
TN:
SF:app/custom-sounds/client/index.js
FNF:0
FNH:0
LF:0
LH:0
BRF:0
BRH:0
end_of_record
TN:
SF:app/custom-sounds/client/lib/CustomSounds.js
FN:8,(anonymous_0)
FN:11,(anonymous_1)
FN:44,(anonymous_2)
FN:55,(anonymous_3)
FN:62,(anonymous_4)
FN:78,(anonymous_5)
FN:82,(anonymous_6)
FN:87,(anonymous_7)
FN:100,(anonymous_8)
FN:115,(anonymous_9)
FN:116,(anonymous_10)
FN:117,(anonymous_11)
FNF:12
FNH:8
FNDA:273,(anonymous_0)
FNDA:21,(anonymous_1)
FNDA:189,(anonymous_2)
FNDA:0,(anonymous_3)
FNDA:0,(anonymous_4)
FNDA:0,(anonymous_5)
FNDA:0,(anonymous_6)
FNDA:25,(anonymous_7)
FNDA:59,(anonymous_8)
FNDA:21,(anonymous_9)
FNDA:13,(anonymous_10)
FNDA:13,(anonymous_11)
DA:8,273
DA:12,21
DA:13,21
DA:14,21
DA:15,21
DA:16,21
DA:17,21
DA:18,21
DA:24,21
DA:30,21
DA:36,21
DA:45,189
DA:46,0
DA:48,189
DA:49,189
DA:50,189
DA:51,189
DA:52,189
DA:56,0
DA:57,0
DA:58,0
DA:59,0
DA:63,0
DA:64,0
DA:65,0
DA:66,0
DA:67,0
DA:69,0
DA:70,0
DA:71,0
DA:72,0
DA:74,0
DA:79,0
DA:83,0
DA:84,0
DA:87,21
DA:88,25
DA:89,25
DA:90,0
DA:93,25
DA:94,25
DA:95,25
DA:97,25
DA:100,21
DA:101,59
DA:102,59
DA:103,21
DA:106,38
DA:107,38
DA:108,0
DA:113,21
DA:115,21
DA:116,21
DA:117,13
DA:118,13
DA:119,0
LF:56
LH:35
BRDA:45,0,0,0
BRDA:45,0,1,189
BRDA:64,1,0,0
BRDA:64,1,1,0
BRDA:64,2,0,0
BRDA:64,2,1,0
BRDA:66,3,0,0
BRDA:66,3,1,0
BRDA:79,4,0,0
BRDA:79,4,1,0
BRDA:87,5,0,0
BRDA:87,6,0,0
BRDA:87,7,0,25
BRDA:89,8,0,0
BRDA:89,8,1,25
BRDA:89,9,0,25
BRDA:89,9,1,25
BRDA:102,10,0,21
BRDA:102,10,1,38
BRDA:102,11,0,59
BRDA:102,11,1,38
BRDA:107,12,0,0
BRDA:107,12,1,38
BRF:23
BRH:10
end_of_record
TN:
SF:app/custom-sounds/client/notifications/deleteCustomSound.js
FN:7,(anonymous_0)
FN:8,(anonymous_1)
FN:8,(anonymous_2)
FNF:3
FNH:2
FNDA:21,(anonymous_0)
FNDA:13,(anonymous_1)
FNDA:0,(anonymous_2)
DA:7,21
DA:8,21
LF:2
LH:2
BRF:0
BRH:0
end_of_record
TN:
SF:app/custom-sounds/client/notifications/updateCustomSound.js
FN:7,(anonymous_0)
FN:8,(anonymous_1)
FN:8,(anonymous_2)
FNF:3
FNH:2
FNDA:21,(anonymous_0)
FNDA:13,(anonymous_1)
FNDA:0,(anonymous_2)
DA:7,21
DA:8,21
LF:2
LH:2
BRF:0
BRH:0
end_of_record
TN:
SF:app/custom/client/index.js
FNF:0
FNH:0
LF:0
LH:0
BRF:0
BRH:0
end_of_record
TN:
SF:app/discussion/client/discussionFromMessageBox.js
FN:10,(anonymous_0)
FN:11,(anonymous_1)
FN:18,(anonymous_2)
FN:19,(anonymous_3)
FNF:4
FNH:3
FNDA:21,(anonymous_0)
FNDA:42,(anonymous_1)
FNDA:4,(anonymous_2)
FNDA:0,(anonymous_3)
DA:10,21
DA:11,21
DA:12,42
DA:13,21
DA:15,21
DA:18,4
DA:20,0
LF:7
LH:6
BRDA:12,0,0,21
BRDA:12,0,1,21
BRDA:18,1,0,4
BRDA:18,1,1,0
BRDA:23,2,0,0
BRDA:23,2,1,0
BRF:6
BRH:3
end_of_record
TN:
SF:app/discussion/client/index.js
FNF:0
FNH:0
LF:0
LH:0
BRF:0
BRH:0
end_of_record
TN:
SF:app/discussion/client/app/discussion/client/createDiscussionMessageAction.ts
FN:12,(anonymous_0)
FN:13,(anonymous_1)
FN:23,(anonymous_2)
FN:36,(anonymous_3)
FNF:4
FNH:2
FNDA:21,(anonymous_0)
FNDA:42,(anonymous_1)
FNDA:0,(anonymous_2)
FNDA:0,(anonymous_3)
DA:12,21
DA:13,21
DA:14,42
DA:15,21
DA:18,21
DA:24,0
DA:26,0
DA:46,0
DA:47,0
DA:49,0
DA:50,0
DA:52,0
DA:53,0
DA:54,0
DA:57,0
LF:15
LH:5
BRDA:14,0,0,21
BRDA:24,1,0,0
BRDA:29,2,0,0
BRDA:29,2,1,0
BRDA:46,3,0,0
BRDA:46,4,0,0
BRDA:46,4,1,0
BRDA:49,5,0,0
BRDA:53,6,0,0
BRDA:57,7,0,0
BRDA:57,7,1,0
BRF:11
BRH:1
end_of_record
TN:
SF:app/discussion/client/app/discussion/client/tabBar.ts
FN:6,(anonymous_0)
FN:8,(anonymous_1)
FN:12,(anonymous_2)
FNF:3
FNH:2
FNDA:0,(anonymous_0)
FNDA:6,(anonymous_1)
FNDA:2,(anonymous_2)
DA:6,21
DA:8,21
DA:9,6
DA:11,6
DA:13,2
LF:5
LH:5
BRDA:13,0,0,2
BRDA:13,0,1,0
BRDA:13,1,0,2
BRDA:13,1,1,2
BRF:4
BRH:3
end_of_record
TN:
SF:app/discussion/client/lib/messageTypes/discussionMessage.js
FN:5,(anonymous_0)
FN:10,(anonymous_1)
FNF:2
FNH:1
FNDA:21,(anonymous_0)
FNDA:0,(anonymous_1)
DA:5,21
DA:6,21
DA:11,0
LF:3
LH:2
BRF:0
BRH:0
end_of_record
TN:
SF:app/dolphin/client/index.js
FNF:0
FNH:0
LF:0
LH:0
BRF:0
BRH:0
end_of_record
TN:
SF:app/dolphin/lib/common.js
FN:24,DolphinOnCreateUser
FN:32,(anonymous_1)
FN:33,(anonymous_2)
FN:55,(anonymous_3)
FN:56,(anonymous_4)
FNF:5
FNH:2
FNDA:0,DolphinOnCreateUser
FNDA:0,(anonymous_1)
FNDA:0,(anonymous_2)
FNDA:21,(anonymous_3)
FNDA:42,(anonymous_4)
DA:9,21
DA:22,21
DA:25,0
DA:26,0
DA:28,0
DA:31,21
DA:32,0
DA:33,0
DA:34,0
DA:35,0
DA:39,0
DA:40,0
DA:50,0
DA:53,0
DA:55,21
DA:56,21
DA:57,42
DA:58,0
DA:59,0
LF:19
LH:6
BRDA:25,0,0,0
BRDA:25,0,1,0
BRDA:25,1,0,0
BRDA:25,1,1,0
BRDA:25,1,2,0
BRDA:25,1,3,0
BRDA:31,2,0,0
BRDA:31,2,1,21
BRDA:39,3,0,0
BRDA:39,3,1,0
BRDA:57,4,0,0
BRDA:57,4,1,42
BRF:12
BRH:2
end_of_record
TN:
SF:app/drupal/client/index.js
FNF:0
FNH:0
LF:0
LH:0
BRF:0
BRH:0
end_of_record
TN:
SF:app/drupal/lib/common.js
FN:29,(anonymous_0)
FN:30,(anonymous_1)
FN:36,(anonymous_2)
FN:37,(anonymous_3)
FNF:4
FNH:2
FNDA:0,(anonymous_0)
FNDA:0,(anonymous_1)
FNDA:21,(anonymous_2)
FNDA:42,(anonymous_3)
DA:10,21
DA:26,21
DA:28,21
DA:29,0
DA:30,0
DA:31,0
DA:32,0
DA:36,21
DA:37,21
DA:38,42
DA:39,0
DA:40,0
LF:12
LH:6
BRDA:28,0,0,0
BRDA:28,0,1,21
BRDA:38,1,0,0
BRDA:38,1,1,42
BRF:4
BRH:2
end_of_record
TN:
SF:app/e2e/client/events.js
FN:5,(anonymous_0)
FNF:1
FNH:0
FNDA:0,(anonymous_0)
DA:5,21
DA:6,0
LF:2
LH:1
BRF:0
BRH:0
end_of_record
TN:
SF:app/e2e/client/helper.js
FN:9,toString
FN:16,toArrayBuffer
FN:32,joinVectorAndEcryptedData
FN:40,splitVectorAndEcryptedData
FN:47,encryptRSA
FN:51,encryptAES
FN:55,decryptRSA
FN:59,decryptAES
FN:63,generateAESKey
FN:67,generateRSAKey
FN:80,exportJWKKey
FN:84,importRSAKey
FN:99,importAESKey
FN:103,importRawKey
FN:107,deriveKey
FN:114,readFileAsArrayBuffer
FN:115,(anonymous_16)
FN:117,(anonymous_17)
FN:120,(anonymous_18)
FN:127,generateMnemonicPhrase
FN:142,(anonymous_20)
FN:143,(anonymous_21)
FNF:22
FNH:0
FNDA:0,toString
FNDA:0,toArrayBuffer
FNDA:0,joinVectorAndEcryptedData
FNDA:0,splitVectorAndEcryptedData
FNDA:0,encryptRSA
FNDA:0,encryptAES
FNDA:0,decryptRSA
FNDA:0,decryptAES
FNDA:0,generateAESKey
FNDA:0,generateRSAKey
FNDA:0,exportJWKKey
FNDA:0,importRSAKey
FNDA:0,importAESKey
FNDA:0,importRawKey
FNDA:0,deriveKey
FNDA:0,readFileAsArrayBuffer
FNDA:0,(anonymous_16)
FNDA:0,(anonymous_17)
FNDA:0,(anonymous_18)
FNDA:0,generateMnemonicPhrase
FNDA:0,(anonymous_20)
FNDA:0,(anonymous_21)
DA:7,21
DA:10,0
DA:11,0
DA:13,0
DA:17,0
DA:18,0
DA:20,0
DA:21,0
DA:22,0
DA:26,0
DA:27,0
DA:29,0
DA:33,0
DA:34,0
DA:35,0
DA:36,0
DA:37,0
DA:41,0
DA:42,0
DA:44,0
DA:48,0
DA:52,0
DA:56,0
DA:60,0
DA:64,0
DA:68,0
DA:81,0
DA:85,0
DA:100,0
DA:104,0
DA:108,0
DA:109,0
DA:111,0
DA:115,0
DA:116,0
DA:117,0
DA:118,0
DA:120,0
DA:121,0
DA:123,0
DA:128,0
DA:129,0
DA:130,0
DA:131,0
DA:133,0
DA:134,0
DA:135,0
DA:136,0
DA:138,0
DA:143,0
DA:144,0
DA:145,0
DA:148,0
DA:149,0
DA:151,0
LF:55
LH:1
BRDA:10,0,0,0
BRDA:10,0,1,0
BRDA:17,1,0,0
BRDA:17,1,1,0
BRDA:20,2,0,0
BRDA:20,2,1,0
BRDA:21,3,0,0
BRDA:21,3,1,0
BRDA:26,4,0,0
BRDA:26,4,1,0
BRDA:84,5,0,0
BRDA:99,6,0,0
BRDA:103,7,0,0
BRDA:107,8,0,0
BRDA:127,9,0,0
BRDA:135,10,0,0
BRDA:135,10,1,0
BRDA:136,11,0,0
BRDA:136,11,1,0
BRF:19
BRH:0
end_of_record
TN:
SF:app/e2e/client/index.js
FNF:0
FNH:0
LF:0
LH:0
BRF:0
BRH:0
end_of_record
TN:
SF:app/e2e/client/rocketchat.e2e.js
FN:36,(anonymous_0)
FN:43,(anonymous_1)
FN:53,(anonymous_2)
FN:57,(anonymous_3)
FN:61,(anonymous_4)
FN:65,(anonymous_5)
FN:69,(anonymous_6)
FN:70,(anonymous_7)
FN:87,(anonymous_8)
FN:91,(anonymous_9)
FN:120,(anonymous_10)
FN:156,(anonymous_11)
FN:162,(anonymous_12)
FN:166,(anonymous_13)
FN:179,(anonymous_14)
FN:192,(anonymous_15)
FN:203,(anonymous_16)
FN:214,(anonymous_17)
FN:226,(anonymous_18)
FN:255,(anonymous_19)
FN:259,(anonymous_20)
FN:265,(anonymous_21)
FN:278,(anonymous_22)
FN:299,(anonymous_23)
FN:300,(anonymous_24)
FN:301,(anonymous_25)
FN:306,(anonymous_26)
FN:311,(anonymous_27)
FN:320,(anonymous_28)
FN:327,(anonymous_29)
FN:341,(anonymous_30)
FN:356,(anonymous_31)
FN:380,(anonymous_32)
FN:381,(anonymous_33)
FN:386,(anonymous_34)
FN:392,(anonymous_35)
FN:395,(anonymous_36)
FN:398,(anonymous_37)
FN:402,(anonymous_38)
FNF:39
FNH:3
FNDA:21,(anonymous_0)
FNDA:0,(anonymous_1)
FNDA:0,(anonymous_2)
FNDA:0,(anonymous_3)
FNDA:0,(anonymous_4)
FNDA:36,(anonymous_5)
FNDA:0,(anonymous_6)
FNDA:0,(anonymous_7)
FNDA:0,(anonymous_8)
FNDA:0,(anonymous_9)
FNDA:0,(anonymous_10)
FNDA:0,(anonymous_11)
FNDA:0,(anonymous_12)
FNDA:0,(anonymous_13)
FNDA:0,(anonymous_14)
FNDA:0,(anonymous_15)
FNDA:0,(anonymous_16)
FNDA:0,(anonymous_17)
FNDA:0,(anonymous_18)
FNDA:0,(anonymous_19)
FNDA:0,(anonymous_20)
FNDA:0,(anonymous_21)
FNDA:0,(anonymous_22)
FNDA:0,(anonymous_23)
FNDA:0,(anonymous_24)
FNDA:0,(anonymous_25)
FNDA:0,(anonymous_26)
FNDA:0,(anonymous_27)
FNDA:0,(anonymous_28)
FNDA:0,(anonymous_29)
FNDA:0,(anonymous_30)
FNDA:0,(anonymous_31)
FNDA:0,(anonymous_32)
FNDA:0,(anonymous_33)
FNDA:0,(anonymous_34)
FNDA:0,(anonymous_35)
FNDA:0,(anonymous_36)
FNDA:0,(anonymous_37)
FNDA:25,(anonymous_38)
DA:33,21
DA:37,21
DA:38,21
DA:39,21
DA:40,21
DA:41,21
DA:43,21
DA:44,0
DA:45,0
DA:46,0
DA:48,0
DA:49,0
DA:54,0
DA:58,0
DA:62,0
DA:66,36
DA:70,0
DA:72,0
DA:73,0
DA:76,0
DA:77,0
DA:80,0
DA:81,0
DA:84,0
DA:88,0
DA:92,0
DA:93,0
DA:96,0
DA:98,0
DA:99,0
DA:100,0
DA:102,0
DA:104,0
DA:105,0
DA:108,0
DA:109,0
DA:110,0
DA:112,0
DA:113,0
DA:114,0
DA:121,0
DA:122,0
DA:125,0
DA:129,0
DA:130,0
DA:132,0
DA:136,0
DA:137,0
DA:143,0
DA:144,0
DA:145,0
DA:150,0
DA:157,0
DA:163,0
DA:164,0
DA:167,0
DA:168,0
DA:169,0
DA:176,0
DA:180,0
DA:181,0
DA:183,0
DA:184,0
DA:185,0
DA:186,0
DA:187,0
DA:188,0
DA:189,0
DA:193,0
DA:198,0
DA:199,0
DA:204,0
DA:205,0
DA:207,0
DA:208,0
DA:210,0
DA:215,0
DA:217,0
DA:218,0
DA:220,0
DA:222,0
DA:229,0
DA:230,0
DA:231,0
DA:233,0
DA:236,0
DA:237,0
DA:239,0
DA:241,0
DA:244,0
DA:245,0
DA:247,0
DA:249,0
DA:252,0
DA:256,0
DA:260,0
DA:261,0
DA:262,0
DA:266,0
DA:268,0
DA:269,0
DA:270,0
DA:272,0
DA:274,0
DA:279,0
DA:280,0
DA:285,0
DA:286,0
DA:288,0
DA:292,0
DA:293,0
DA:295,0
DA:300,0
DA:301,0
DA:302,0
DA:307,0
DA:308,0
DA:309,0
DA:312,0
DA:313,0
DA:314,0
DA:320,0
DA:321,0
DA:328,0
DA:333,0
DA:334,0
DA:336,0
DA:342,0
DA:344,0
DA:346,0
DA:348,0
DA:349,0
DA:350,0
DA:352,0
DA:357,0
DA:358,0
DA:361,0
DA:363,0
DA:364,0
DA:367,0
DA:369,0
DA:370,0
DA:373,0
DA:381,0
DA:382,0
DA:387,0
DA:388,0
DA:389,0
DA:393,0
DA:395,0
DA:399,0
DA:403,25
DA:407,21
LF:153
LH:10
BRDA:66,0,0,36
BRDA:66,0,1,0
BRDA:72,1,0,0
BRDA:72,1,1,0
BRDA:72,2,0,0
BRDA:72,2,1,0
BRDA:76,3,0,0
BRDA:76,3,1,0
BRDA:76,4,0,0
BRDA:76,4,1,0
BRDA:80,5,0,0
BRDA:80,5,1,0
BRDA:92,6,0,0
BRDA:92,6,1,0
BRDA:104,7,0,0
BRDA:104,7,1,0
BRDA:104,8,0,0
BRDA:104,8,1,0
BRDA:108,9,0,0
BRDA:108,9,1,0
BRDA:108,10,0,0
BRDA:108,10,1,0
BRDA:129,11,0,0
BRDA:129,11,1,0
BRDA:129,12,0,0
BRDA:129,12,1,0
BRDA:136,13,0,0
BRDA:136,13,1,0
BRDA:136,14,0,0
BRDA:136,14,1,0
BRDA:144,15,0,0
BRDA:144,15,1,0
BRDA:198,16,0,0
BRDA:198,16,1,0
BRDA:279,17,0,0
BRDA:279,17,1,0
BRDA:333,18,0,0
BRDA:333,18,1,0
BRDA:357,19,0,0
BRDA:357,19,1,0
BRDA:357,20,0,0
BRDA:357,20,1,0
BRDA:363,21,0,0
BRDA:363,21,1,0
BRDA:369,22,0,0
BRDA:369,22,1,0
BRF:46
BRH:1
end_of_record
TN:
SF:app/e2e/client/rocketchat.e2e.room.js
FN:50,(anonymous_0)
FN:71,(anonymous_1)
FN:78,(anonymous_2)
FN:79,(anonymous_3)
FN:80,(anonymous_4)
FN:85,(anonymous_5)
FN:90,(anonymous_6)
FN:94,(anonymous_7)
FN:98,(anonymous_8)
FN:113,(anonymous_9)
FN:117,(anonymous_10)
FN:121,(anonymous_11)
FN:129,(anonymous_12)
FN:133,(anonymous_13)
FN:139,(anonymous_14)
FN:145,(anonymous_15)
FN:149,(anonymous_16)
FN:155,(anonymous_17)
FN:167,(anonymous_18)
FN:171,(anonymous_19)
FN:175,(anonymous_20)
FN:179,(anonymous_21)
FN:183,(anonymous_22)
FN:206,(anonymous_23)
FN:207,(anonymous_24)
FN:213,(anonymous_25)
FN:252,(anonymous_26)
FN:256,(anonymous_27)
FN:283,(anonymous_28)
FN:306,(anonymous_29)
FN:310,(anonymous_30)
FN:316,(anonymous_31)
FN:336,(anonymous_32)
FN:359,(anonymous_33)
FN:376,(anonymous_34)
FN:397,(anonymous_35)
FN:419,(anonymous_36)
FN:437,(anonymous_37)
FN:460,(anonymous_38)
FNF:39
FNH:0
FNDA:0,(anonymous_0)
FNDA:0,(anonymous_1)
FNDA:0,(anonymous_2)
FNDA:0,(anonymous_3)
FNDA:0,(anonymous_4)
FNDA:0,(anonymous_5)
FNDA:0,(anonymous_6)
FNDA:0,(anonymous_7)
FNDA:0,(anonymous_8)
FNDA:0,(anonymous_9)
FNDA:0,(anonymous_10)
FNDA:0,(anonymous_11)
FNDA:0,(anonymous_12)
FNDA:0,(anonymous_13)
FNDA:0,(anonymous_14)
FNDA:0,(anonymous_15)
FNDA:0,(anonymous_16)
FNDA:0,(anonymous_17)
FNDA:0,(anonymous_18)
FNDA:0,(anonymous_19)
FNDA:0,(anonymous_20)
FNDA:0,(anonymous_21)
FNDA:0,(anonymous_22)
FNDA:0,(anonymous_23)
FNDA:0,(anonymous_24)
FNDA:0,(anonymous_25)
FNDA:0,(anonymous_26)
FNDA:0,(anonymous_27)
FNDA:0,(anonymous_28)
FNDA:0,(anonymous_29)
FNDA:0,(anonymous_30)
FNDA:0,(anonymous_31)
FNDA:0,(anonymous_32)
FNDA:0,(anonymous_33)
FNDA:0,(anonymous_34)
FNDA:0,(anonymous_35)
FNDA:0,(anonymous_36)
FNDA:0,(anonymous_37)
FNDA:0,(anonymous_38)
DA:33,21
DA:34,21
DA:36,21
DA:50,21
DA:51,0
DA:52,0
DA:55,0
DA:56,0
DA:59,0
DA:60,0
DA:63,0
DA:67,0
DA:69,0
DA:72,0
DA:74,0
DA:75,0
DA:76,0
DA:78,0
DA:79,0
DA:80,0
DA:81,0
DA:82,0
DA:85,0
DA:87,0
DA:91,0
DA:95,0
DA:99,0
DA:100,0
DA:102,0
DA:103,0
DA:104,0
DA:107,0
DA:108,0
DA:109,0
DA:110,0
DA:114,0
DA:118,0
DA:122,0
DA:123,0
DA:126,0
DA:130,0
DA:134,0
DA:135,0
DA:136,0
DA:140,0
DA:141,0
DA:142,0
DA:146,0
DA:150,0
DA:151,0
DA:154,0
DA:155,0
DA:156,0
DA:160,0
DA:161,0
DA:164,0
DA:168,0
DA:172,0
DA:176,0
DA:180,0
DA:184,0
DA:186,0
DA:187,0
DA:188,0
DA:189,0
DA:192,0
DA:203,0
DA:207,0
DA:208,0
DA:214,0
DA:215,0
DA:218,0
DA:220,0
DA:221,0
DA:222,0
DA:223,0
DA:224,0
DA:225,0
DA:228,0
DA:229,0
DA:230,0
DA:233,0
DA:234,0
DA:235,0
DA:237,0
DA:238,0
DA:239,0
DA:240,0
DA:243,0
DA:244,0
DA:245,0
DA:248,0
DA:253,0
DA:257,0
DA:260,0
DA:261,0
DA:264,0
DA:265,0
DA:266,0
DA:268,0
DA:271,0
DA:274,0
DA:275,0
DA:277,0
DA:279,0
DA:284,0
DA:286,0
DA:287,0
DA:289,0
DA:290,0
DA:293,0
DA:294,0
DA:295,0
DA:296,0
DA:298,0
DA:299,0
DA:301,0
DA:302,0
DA:308,0
DA:309,0
DA:310,0
DA:312,0
DA:318,0
DA:319,0
DA:321,0
DA:326,0
DA:327,0
DA:329,0
DA:331,0
DA:337,0
DA:338,0
DA:341,0
DA:343,0
DA:345,0
DA:346,0
DA:348,0
DA:351,0
DA:353,0
DA:355,0
DA:360,0
DA:361,0
DA:364,0
DA:366,0
DA:367,0
DA:369,0
DA:371,0
DA:377,0
DA:378,0
DA:381,0
DA:382,0
DA:385,0
DA:387,0
DA:388,0
DA:390,0
DA:393,0
DA:399,0
DA:400,0
DA:402,0
DA:405,0
DA:414,0
DA:420,0
DA:421,0
DA:424,0
DA:426,0
DA:427,0
DA:430,0
DA:438,0
DA:439,0
DA:442,0
DA:444,0
DA:445,0
DA:448,0
DA:450,0
DA:452,0
DA:453,0
DA:454,0
DA:456,0
DA:461,0
DA:462,0
DA:465,0
LF:180
LH:4
BRDA:51,0,0,0
BRDA:51,0,1,0
BRDA:55,1,0,0
BRDA:55,1,1,0
BRDA:59,2,0,0
BRDA:59,2,1,0
BRDA:81,3,0,0
BRDA:81,3,1,0
BRDA:102,4,0,0
BRDA:102,4,1,0
BRDA:122,5,0,0
BRDA:122,5,1,0
BRDA:150,6,0,0
BRDA:150,6,1,0
BRDA:150,7,0,0
BRDA:150,7,1,0
BRDA:154,8,0,0
BRDA:154,8,1,0
BRDA:160,9,0,0
BRDA:160,9,1,0
BRDA:186,10,0,0
BRDA:186,10,1,0
BRDA:187,11,0,0
BRDA:187,11,1,0
BRDA:214,12,0,0
BRDA:214,12,1,0
BRDA:214,13,0,0
BRDA:214,13,1,0
BRDA:222,14,0,0
BRDA:222,14,1,0
BRDA:235,15,0,0
BRDA:235,15,1,0
BRDA:337,16,0,0
BRDA:337,16,1,0
BRDA:360,17,0,0
BRDA:360,17,1,0
BRDA:377,18,0,0
BRDA:377,18,1,0
BRDA:381,19,0,0
BRDA:381,19,1,0
BRDA:399,20,0,0
BRDA:399,20,1,0
BRDA:420,21,0,0
BRDA:420,21,1,0
BRDA:420,22,0,0
BRDA:420,22,1,0
BRDA:426,23,0,0
BRDA:426,23,1,0
BRDA:438,24,0,0
BRDA:438,24,1,0
BRDA:444,25,0,0
BRDA:444,25,1,0
BRDA:461,26,0,0
BRDA:461,26,1,0
BRF:54
BRH:0
end_of_record
TN:
SF:app/e2e/client/app/e2e/client/E2ERoomState.ts
FN:1,(anonymous_0)
FNF:1
FNH:1
FNDA:21,(anonymous_0)
DA:1,21
DA:2,21
DA:3,21
DA:4,21
DA:5,21
DA:6,21
DA:7,21
DA:8,21
DA:9,21
DA:10,21
DA:11,21
LF:11
LH:11
BRDA:1,0,0,21
BRDA:1,0,1,21
BRF:2
BRH:2
end_of_record
TN:
SF:app/e2e/client/app/e2e/client/logger.ts
FN:5,(anonymous_0)
FN:13,(anonymous_1)
FN:17,(anonymous_2)
FNF:3
FNH:0
FNDA:0,(anonymous_0)
FNDA:0,(anonymous_1)
FNDA:0,(anonymous_2)
DA:3,21
DA:5,21
DA:6,0
DA:7,0
DA:10,0
DA:13,21
DA:14,0
DA:17,21
DA:18,0
LF:9
LH:4
BRDA:6,0,0,0
BRDA:7,1,0,0
BRDA:7,1,1,0
BRDA:14,2,0,0
BRDA:14,2,1,0
BRDA:18,3,0,0
BRDA:18,3,1,0
BRF:7
BRH:0
end_of_record
TN:
SF:app/e2e/client/app/e2e/client/tabbar.ts
FN:11,(anonymous_0)
FN:13,(anonymous_1)
FN:20,(anonymous_2)
FN:27,(anonymous_3)
FNF:4
FNH:3
FNDA:8,(anonymous_0)
FNDA:2,(anonymous_1)
FNDA:0,(anonymous_2)
FNDA:2,(anonymous_3)
DA:11,21
DA:12,8
DA:13,8
DA:14,8
DA:15,8
DA:16,8
DA:18,8
DA:20,8
DA:21,0
DA:24,8
DA:26,8
DA:28,2
LF:12
LH:11
BRDA:13,0,0,8
BRDA:13,0,1,8
BRDA:16,1,0,8
BRDA:16,1,1,8
BRDA:16,1,2,8
BRDA:16,1,3,8
BRDA:28,2,0,0
BRDA:28,2,1,2
BRDA:28,3,0,2
BRDA:28,3,1,0
BRDA:32,4,0,0
BRDA:32,4,1,0
BRF:12
BRH:8
end_of_record
TN:
SF:app/emoji/index.js
FNF:0
FNH:0
DA:3,21
DA:4,21
DA:6,21
DA:7,0
LF:4
LH:3
BRDA:3,0,0,21
BRDA:3,0,1,0
BRDA:6,1,0,0
BRDA:6,1,1,21
BRF:4
BRH:2
end_of_record
TN:
SF:app/emoji-custom/client/index.js
FNF:0
FNH:0
LF:0
LH:0
BRF:0
BRH:0
end_of_record
TN:
SF:app/emoji-custom/client/admin/startup.js
FN:8,(anonymous_0)
FNF:1
FNH:0
FNDA:0,(anonymous_0)
DA:4,21
DA:9,0
LF:2
LH:1
BRF:0
BRH:0
end_of_record
TN:
SF:app/emoji-custom/client/lib/emojiCustom.js
FN:11,(anonymous_0)
FN:17,(anonymous_1)
FN:28,(anonymous_2)
FN:38,(anonymous_3)
FN:50,(anonymous_4)
FN:54,(anonymous_5)
FN:55,(anonymous_6)
FN:57,(anonymous_7)
FN:138,(anonymous_8)
FN:148,(anonymous_9)
FN:182,(anonymous_10)
FN:183,(anonymous_11)
FNF:12
FNH:2
FNDA:0,(anonymous_0)
FNDA:0,(anonymous_1)
FNDA:0,(anonymous_2)
FNDA:0,(anonymous_3)
FNDA:0,(anonymous_4)
FNDA:0,(anonymous_5)
FNDA:0,(anonymous_6)
FNDA:0,(anonymous_7)
FNDA:0,(anonymous_8)
FNDA:0,(anonymous_9)
FNDA:21,(anonymous_10)
FNDA:13,(anonymous_11)
DA:11,21
DA:12,0
DA:14,0
DA:16,0
DA:17,0
DA:18,0
DA:21,0
DA:22,0
DA:24,0
DA:25,0
DA:28,21
DA:29,0
DA:30,0
DA:31,0
DA:32,0
DA:34,0
DA:35,0
DA:36,0
DA:38,0
DA:39,0
DA:40,0
DA:41,0
DA:42,0
DA:43,0
DA:47,0
DA:50,21
DA:51,0
DA:52,0
DA:54,0
DA:55,0
DA:57,0
DA:58,0
DA:59,0
DA:60,0
DA:61,0
DA:62,0
DA:67,0
DA:68,0
DA:69,0
DA:70,0
DA:72,0
DA:73,0
DA:74,0
DA:76,0
DA:79,0
DA:80,0
DA:81,0
DA:82,0
DA:84,0
DA:85,0
DA:86,0
DA:87,0
DA:88,0
DA:89,0
DA:90,0
DA:94,0
DA:97,0
DA:98,0
DA:103,0
DA:107,0
DA:108,0
DA:112,0
DA:117,0
DA:121,0
DA:122,0
DA:123,0
DA:124,0
DA:125,0
DA:130,0
DA:135,0
DA:138,21
DA:139,0
DA:140,0
DA:141,0
DA:142,0
DA:148,0
DA:149,0
DA:150,0
DA:153,0
DA:155,0
DA:156,0
DA:157,0
DA:158,0
DA:161,0
DA:167,0
DA:170,21
DA:182,21
DA:183,21
DA:184,13
DA:187,13
DA:189,13
DA:190,13
DA:191,0
DA:192,0
DA:193,0
DA:194,0
DA:195,0
DA:196,0
DA:197,0
DA:204,13
DA:206,0
LF:101
LH:12
BRDA:17,0,0,0
BRDA:17,0,1,0
BRDA:21,1,0,0
BRDA:21,1,1,0
BRDA:24,2,0,0
BRDA:24,2,1,0
BRDA:31,3,0,0
BRDA:31,3,1,0
BRDA:35,4,0,0
BRDA:35,4,1,0
BRDA:38,5,0,0
BRDA:38,5,1,0
BRDA:42,6,0,0
BRDA:42,6,1,0
BRDA:57,7,0,0
BRDA:57,7,1,0
BRDA:57,8,0,0
BRDA:57,8,1,0
BRDA:61,9,0,0
BRDA:61,9,1,0
BRDA:67,10,0,0
BRDA:67,10,1,0
BRDA:67,11,0,0
BRDA:67,11,1,0
BRDA:69,12,0,0
BRDA:69,12,1,0
BRDA:73,13,0,0
BRDA:73,13,1,0
BRDA:80,14,0,0
BRDA:80,14,1,0
BRDA:85,15,0,0
BRDA:85,15,1,0
BRDA:97,16,0,0
BRDA:97,16,1,0
BRDA:97,17,0,0
BRDA:97,17,1,0
BRDA:107,18,0,0
BRDA:107,18,1,0
BRDA:107,19,0,0
BRDA:107,19,1,0
BRDA:122,20,0,0
BRDA:122,20,1,0
BRDA:124,21,0,0
BRDA:124,21,1,0
BRDA:124,22,0,0
BRDA:124,22,1,0
BRDA:140,23,0,0
BRDA:140,23,1,0
BRDA:149,24,0,0
BRDA:149,24,1,0
BRDA:149,25,0,0
BRDA:149,25,1,0
BRDA:149,25,2,0
BRDA:156,26,0,0
BRDA:156,26,1,0
BRF:55
BRH:0
end_of_record
TN:
SF:app/emoji-custom/client/lib/function-isSet.js
FN:2,(anonymous_0)
FN:12,(anonymous_1)
FNF:2
FNH:0
FNDA:0,(anonymous_0)
FNDA:0,(anonymous_1)
DA:2,21
DA:4,0
DA:5,0
DA:7,0
DA:9,0
DA:12,21
DA:14,0
DA:15,0
DA:17,0
DA:19,0
LF:10
LH:2
BRDA:19,0,0,0
BRDA:19,0,1,0
BRF:2
BRH:0
end_of_record
TN:
SF:app/emoji-custom/client/notifications/deleteEmojiCustom.js
FN:6,(anonymous_0)
FN:6,(anonymous_1)
FNF:2
FNH:1
FNDA:21,(anonymous_0)
FNDA:0,(anonymous_1)
DA:6,21
LF:1
LH:1
BRF:0
BRH:0
end_of_record
TN:
SF:app/emoji-custom/client/notifications/updateEmojiCustom.js
FN:6,(anonymous_0)
FN:6,(anonymous_1)
FNF:2
FNH:1
FNDA:21,(anonymous_0)
FNDA:0,(anonymous_1)
DA:6,21
LF:1
LH:1
BRF:0
BRH:0
end_of_record
TN:
SF:app/emoji-emojione/client/index.js
FNF:0
FNH:0
LF:0
LH:0
BRF:0
BRH:0
end_of_record
TN:
SF:app/emoji-emojione/lib/emojiPicker.js
FNF:0
FNH:0
DA:8,21
DA:19,21
DA:249,21
LF:3
LH:3
BRF:0
BRH:0
end_of_record
TN:
SF:app/emoji-emojione/lib/emojioneRender.js
FN:3,emojioneRender
FN:7,emojioneRenderFromShort
FNF:2
FNH:0
FNDA:0,emojioneRender
FNDA:0,emojioneRenderFromShort
DA:4,0
DA:8,0
LF:2
LH:0
BRF:0
BRH:0
end_of_record
TN:
SF:app/emoji-emojione/lib/rocketchat.js
FN:173,(anonymous_0)
FN:179,(anonymous_1)
FN:220,(anonymous_2)
FN:248,(anonymous_3)
FN:273,isSetNotNull
FN:291,(anonymous_5)
FN:299,(anonymous_6)
FN:300,(anonymous_7)
FN:301,(anonymous_8)
FN:302,(anonymous_9)
FNF:10
FNH:7
FNDA:21,(anonymous_0)
FNDA:0,(anonymous_1)
FNDA:0,(anonymous_2)
FNDA:0,(anonymous_3)
FNDA:146,isSetNotNull
FNDA:30471,(anonymous_5)
FNDA:21,(anonymous_6)
FNDA:73,(anonymous_7)
FNDA:73,(anonymous_8)
FNDA:73,(anonymous_9)
DA:14,21
DA:16,21
DA:21,21
DA:31,21
DA:41,21
DA:51,21
DA:61,21
DA:71,21
DA:81,21
DA:91,21
DA:101,21
DA:111,21
DA:121,21
DA:131,21
DA:141,21
DA:151,21
DA:161,21
DA:173,21
DA:174,21
DA:176,21
DA:178,21
DA:181,0
DA:183,0
DA:187,0
DA:188,0
DA:189,0
DA:190,0
DA:192,0
DA:193,0
DA:195,0
DA:196,0
DA:200,0
DA:201,0
DA:202,0
DA:203,0
DA:206,0
DA:209,0
DA:211,0
DA:212,0
DA:214,0
DA:219,21
DA:221,0
DA:223,0
DA:225,0
DA:228,0
DA:229,0
DA:230,0
DA:231,0
DA:232,0
DA:235,0
DA:238,0
DA:240,0
DA:241,0
DA:243,0
DA:248,21
DA:250,0
DA:253,0
DA:254,0
DA:256,0
DA:259,0
DA:263,21
DA:264,21
DA:265,21
DA:266,21
DA:267,21
DA:269,21
DA:270,21
DA:275,146
DA:276,146
DA:278,0
DA:280,146
DA:284,21
DA:285,59367
DA:286,59367
DA:287,59367
DA:288,59367
DA:290,59367
DA:291,59367
DA:292,30471
DA:299,21
DA:300,21
DA:301,73
DA:302,73
DA:303,52
DA:305,21
LF:85
LH:47
BRDA:181,0,0,0
BRDA:181,0,1,0
BRDA:181,1,0,0
BRDA:181,1,1,0
BRDA:181,1,2,0
BRDA:187,2,0,0
BRDA:187,2,1,0
BRDA:189,3,0,0
BRDA:189,3,1,0
BRDA:189,4,0,0
BRDA:189,4,1,0
BRDA:192,5,0,0
BRDA:192,5,1,0
BRDA:202,6,0,0
BRDA:202,6,1,0
BRDA:203,7,0,0
BRDA:203,7,1,0
BRDA:206,8,0,0
BRDA:206,8,1,0
BRDA:209,9,0,0
BRDA:209,9,1,0
BRDA:211,10,0,0
BRDA:211,10,1,0
BRDA:223,11,0,0
BRDA:223,11,1,0
BRDA:223,12,0,0
BRDA:223,12,1,0
BRDA:223,12,2,0
BRDA:231,13,0,0
BRDA:231,13,1,0
BRDA:232,14,0,0
BRDA:232,14,1,0
BRDA:235,15,0,0
BRDA:235,15,1,0
BRDA:238,16,0,0
BRDA:238,16,1,0
BRDA:240,17,0,0
BRDA:240,17,1,0
BRDA:253,18,0,0
BRDA:253,18,1,0
BRDA:254,19,0,0
BRDA:254,19,1,0
BRDA:280,20,0,146
BRDA:280,20,1,146
BRDA:285,21,0,59367
BRDA:285,21,1,0
BRDA:290,22,0,59367
BRDA:290,22,1,0
BRDA:301,23,0,73
BRDA:301,23,1,0
BRDA:302,24,0,52
BRDA:302,24,1,21
BRF:52
BRH:7
end_of_record
TN:
SF:app/emoji/client/emojiParser.js
FN:9,(anonymous_0)
FN:24,(anonymous_1)
FN:35,(anonymous_2)
FN:72,(anonymous_3)
FNF:4
FNH:1
FNDA:0,(anonymous_0)
FNDA:0,(anonymous_1)
FNDA:0,(anonymous_2)
FNDA:52,(anonymous_3)
DA:9,21
DA:10,0
DA:11,0
DA:14,0
DA:17,0
DA:20,0
DA:22,0
DA:24,0
DA:26,0
DA:28,0
DA:30,0
DA:32,0
DA:34,0
DA:35,0
DA:36,0
DA:37,0
DA:39,0
DA:42,0
DA:44,0
DA:45,0
DA:46,0
DA:47,0
DA:50,0
DA:52,0
DA:53,0
DA:54,0
DA:55,0
DA:57,0
DA:62,0
DA:65,0
DA:67,0
DA:72,52
LF:32
LH:2
BRDA:10,0,0,0
BRDA:10,0,1,0
BRDA:34,1,0,0
BRDA:34,1,1,0
BRDA:36,2,0,0
BRDA:36,2,1,0
BRDA:36,3,0,0
BRDA:36,3,1,0
BRDA:36,3,2,0
BRDA:45,4,0,0
BRDA:45,4,1,0
BRDA:45,5,0,0
BRDA:45,5,1,0
BRDA:50,6,0,0
BRDA:50,6,1,0
BRDA:52,7,0,0
BRDA:52,7,1,0
BRF:17
BRH:0
end_of_record
TN:
SF:app/emoji/client/emojiPicker.js
FN:18,(anonymous_0)
FN:21,(anonymous_1)
FN:24,(anonymous_2)
FN:30,(anonymous_3)
FN:41,updateRecentEmoji
FN:45,(anonymous_5)
FN:49,(anonymous_6)
FN:52,getEmojisBySearchTerm
FN:102,(anonymous_8)
FN:105,(anonymous_9)
FN:116,(anonymous_10)
FN:119,(anonymous_11)
FN:122,(anonymous_12)
FN:125,(anonymous_13)
FN:134,(anonymous_14)
FN:142,(anonymous_15)
FN:148,(anonymous_16)
FN:152,(anonymous_17)
FN:158,(anonymous_18)
FN:166,(anonymous_19)
FN:175,(anonymous_20)
FN:188,(anonymous_21)
FN:194,(anonymous_22)
FN:225,(anonymous_23)
FN:248,(anonymous_24)
FN:265,(anonymous_25)
FN:284,(anonymous_26)
FN:288,(anonymous_27)
FNF:28
FNH:3
FNDA:0,(anonymous_0)
FNDA:13,(anonymous_1)
FNDA:39,(anonymous_2)
FNDA:0,(anonymous_3)
FNDA:13,updateRecentEmoji
FNDA:0,(anonymous_5)
FNDA:0,(anonymous_6)
FNDA:0,getEmojisBySearchTerm
FNDA:0,(anonymous_8)
FNDA:0,(anonymous_9)
FNDA:0,(anonymous_10)
FNDA:0,(anonymous_11)
FNDA:0,(anonymous_12)
FNDA:0,(anonymous_13)
FNDA:0,(anonymous_14)
FNDA:0,(anonymous_15)
FNDA:0,(anonymous_16)
FNDA:0,(anonymous_17)
FNDA:0,(anonymous_18)
FNDA:0,(anonymous_19)
FNDA:0,(anonymous_20)
FNDA:0,(anonymous_21)
FNDA:0,(anonymous_22)
FNDA:0,(anonymous_23)
FNDA:0,(anonymous_24)
FNDA:0,(anonymous_25)
FNDA:0,(anonymous_26)
FNDA:0,(anonymous_27)
DA:14,13
DA:16,13
DA:18,13
DA:19,0
DA:21,13
DA:23,13
DA:25,39
DA:26,26
DA:29,13
DA:31,0
DA:32,0
DA:38,13
DA:42,13
DA:45,13
DA:46,0
DA:47,0
DA:49,0
DA:53,0
DA:54,0
DA:55,0
DA:57,0
DA:59,0
DA:61,0
DA:62,0
DA:63,0
DA:66,0
DA:67,0
DA:68,0
DA:69,0
DA:70,0
DA:71,0
DA:73,0
DA:74,0
DA:77,0
DA:79,0
DA:80,0
DA:81,0
DA:82,0
DA:83,0
DA:84,0
DA:85,0
DA:90,0
DA:91,0
DA:92,0
DA:96,0
DA:98,0
DA:101,13
DA:103,0
DA:106,0
DA:107,0
DA:108,0
DA:109,0
DA:110,0
DA:114,0
DA:117,0
DA:120,0
DA:123,0
DA:126,0
DA:135,0
DA:143,0
DA:147,13
DA:149,0
DA:150,0
DA:153,0
DA:154,0
DA:155,0
DA:156,0
DA:159,0
DA:160,0
DA:162,0
DA:164,0
DA:167,0
DA:168,0
DA:171,0
DA:172,0
DA:174,0
DA:175,0
DA:178,0
DA:179,0
DA:182,0
DA:184,0
DA:186,0
DA:189,0
DA:190,0
DA:192,0
DA:195,0
DA:196,0
DA:198,0
DA:201,0
DA:202,0
DA:204,0
DA:207,0
DA:208,0
DA:209,0
DA:210,0
DA:211,0
DA:212,0
DA:219,0
DA:221,0
DA:223,0
DA:226,0
DA:228,0
DA:229,0
DA:230,0
DA:232,0
DA:233,0
DA:234,0
DA:235,0
DA:240,0
DA:241,0
DA:242,0
DA:244,0
DA:246,0
DA:249,0
DA:250,0
DA:252,0
DA:253,0
DA:256,0
DA:257,0
DA:258,0
DA:259,0
DA:261,0
DA:265,13
DA:266,0
DA:267,0
DA:269,0
DA:271,0
DA:272,0
DA:273,0
DA:274,0
DA:275,0
DA:276,0
DA:278,0
DA:284,0
DA:285,0
DA:288,0
DA:289,0
DA:290,0
DA:291,0
DA:294,0
LF:140
LH:14
BRDA:19,0,0,0
BRDA:19,0,1,0
BRDA:23,1,0,13
BRDA:23,1,1,13
BRDA:25,2,0,26
BRDA:25,2,1,13
BRDA:25,3,0,39
BRDA:25,3,1,39
BRDA:31,4,0,0
BRDA:31,4,1,0
BRDA:31,5,0,0
BRDA:31,5,1,0
BRDA:62,6,0,0
BRDA:62,6,1,0
BRDA:66,7,0,0
BRDA:66,7,1,0
BRDA:68,8,0,0
BRDA:71,9,0,0
BRDA:71,9,1,0
BRDA:73,10,0,0
BRDA:73,10,1,0
BRDA:73,11,0,0
BRDA:73,11,1,0
BRDA:80,12,0,0
BRDA:80,12,1,0
BRDA:82,13,0,0
BRDA:82,13,1,0
BRDA:83,14,0,0
BRDA:83,14,1,0
BRDA:83,15,0,0
BRDA:83,15,1,0
BRDA:83,15,2,0
BRDA:90,16,0,0
BRDA:90,16,1,0
BRDA:108,17,0,0
BRDA:108,17,1,0
BRDA:109,18,0,0
BRDA:109,18,1,0
BRDA:135,19,0,0
BRDA:135,19,1,0
BRDA:167,20,0,0
BRDA:167,20,1,0
BRDA:178,21,0,0
BRDA:178,21,1,0
BRDA:201,22,0,0
BRDA:201,22,1,0
BRDA:208,23,0,0
BRDA:208,23,1,0
BRDA:209,24,0,0
BRDA:209,24,1,0
BRDA:211,25,0,0
BRDA:211,25,1,0
BRDA:233,26,0,0
BRDA:233,26,1,0
BRDA:234,27,0,0
BRDA:234,27,1,0
BRDA:234,28,0,0
BRDA:234,28,1,0
BRDA:241,29,0,0
BRDA:241,29,1,0
BRDA:252,30,0,0
BRDA:252,30,1,0
BRDA:258,31,0,0
BRDA:258,31,1,0
BRDA:273,32,0,0
BRDA:273,32,1,0
BRDA:274,33,0,0
BRDA:274,33,1,0
BRDA:275,34,0,0
BRDA:275,34,1,0
BRF:70
BRH:6
end_of_record
TN:
SF:app/emoji/client/index.js
FNF:0
FNH:0
LF:0
LH:0
BRF:0
BRH:0
end_of_record
TN:
SF:app/emoji/client/lib/EmojiPicker.js
FN:24,(anonymous_0)
FN:36,(anonymous_1)
FN:48,(anonymous_2)
FN:56,(anonymous_3)
FN:59,(anonymous_4)
FN:63,(anonymous_5)
FN:66,(anonymous_6)
FN:69,(anonymous_7)
FN:96,(anonymous_8)
FN:119,(anonymous_9)
FN:124,(anonymous_10)
FN:130,(anonymous_11)
FN:148,(anonymous_12)
FN:156,(anonymous_13)
FN:161,(anonymous_14)
FN:169,(anonymous_15)
FN:177,(anonymous_16)
FN:180,(anonymous_17)
FN:187,(anonymous_18)
FN:199,(anonymous_19)
FNF:20
FNH:2
FNDA:0,(anonymous_0)
FNDA:0,(anonymous_1)
FNDA:0,(anonymous_2)
FNDA:0,(anonymous_3)
FNDA:0,(anonymous_4)
FNDA:0,(anonymous_5)
FNDA:4,(anonymous_6)
FNDA:0,(anonymous_7)
FNDA:0,(anonymous_8)
FNDA:0,(anonymous_9)
FNDA:0,(anonymous_10)
FNDA:0,(anonymous_11)
FNDA:0,(anonymous_12)
FNDA:13,(anonymous_13)
FNDA:0,(anonymous_14)
FNDA:0,(anonymous_15)
FNDA:0,(anonymous_16)
FNDA:0,(anonymous_17)
FNDA:0,(anonymous_18)
FNDA:0,(anonymous_19)
DA:10,21
DA:12,21
DA:25,0
DA:26,0
DA:29,0
DA:31,0
DA:32,0
DA:34,0
DA:36,0
DA:37,0
DA:38,0
DA:40,0
DA:41,0
DA:42,0
DA:47,0
DA:49,0
DA:50,0
DA:52,0
DA:57,0
DA:60,0
DA:61,0
DA:64,0
DA:67,4
DA:70,0
DA:71,0
DA:72,0
DA:75,0
DA:76,0
DA:77,0
DA:79,0
DA:80,0
DA:82,0
DA:83,0
DA:86,0
DA:87,0
DA:90,0
DA:91,0
DA:94,0
DA:97,0
DA:98,0
DA:100,0
DA:101,0
DA:103,0
DA:104,0
DA:106,0
DA:107,0
DA:108,0
DA:111,0
DA:113,0
DA:114,0
DA:117,0
DA:120,0
DA:121,0
DA:122,0
DA:125,0
DA:127,0
DA:128,0
DA:131,0
DA:133,0
DA:134,0
DA:137,0
DA:140,0
DA:142,0
DA:144,0
DA:145,0
DA:146,0
DA:149,0
DA:150,0
DA:151,0
DA:153,0
DA:154,0
DA:157,13
DA:158,13
DA:159,13
DA:162,0
DA:163,0
DA:165,0
DA:167,0
DA:169,0
DA:170,0
DA:171,0
DA:178,0
DA:181,0
DA:183,0
DA:185,0
DA:187,0
DA:188,0
DA:189,0
DA:191,0
DA:193,0
DA:194,0
DA:200,0
DA:205,0
LF:93
LH:6
BRDA:25,0,0,0
BRDA:25,0,1,0
BRDA:31,1,0,0
BRDA:31,1,1,0
BRDA:32,2,0,0
BRDA:32,2,1,0
BRDA:37,3,0,0
BRDA:37,3,1,0
BRDA:40,4,0,0
BRDA:40,4,1,0
BRDA:40,5,0,0
BRDA:40,5,1,0
BRDA:41,6,0,0
BRDA:41,6,1,0
BRDA:49,7,0,0
BRDA:49,7,1,0
BRDA:82,8,0,0
BRDA:82,8,1,0
BRDA:86,9,0,0
BRDA:86,9,1,0
BRDA:87,10,0,0
BRDA:87,10,1,0
BRDA:90,11,0,0
BRDA:90,11,1,0
BRDA:91,12,0,0
BRDA:91,12,1,0
BRDA:97,13,0,0
BRDA:97,13,1,0
BRDA:107,14,0,0
BRDA:107,14,1,0
BRDA:113,15,0,0
BRDA:113,15,1,0
BRDA:113,16,0,0
BRDA:113,16,1,0
BRDA:114,17,0,0
BRDA:114,17,1,0
BRDA:133,18,0,0
BRDA:133,18,1,0
BRDA:150,19,0,0
BRDA:150,19,1,0
BRDA:162,20,0,0
BRDA:162,20,1,0
BRDA:180,21,0,0
BRDA:193,22,0,0
BRDA:193,22,1,0
BRF:45
BRH:0
end_of_record
TN:
SF:app/emoji/lib/rocketchat.js
FN:4,(anonymous_0)
FN:22,(anonymous_1)
FNF:2
FNH:0
FNDA:0,(anonymous_0)
FNDA:0,(anonymous_1)
DA:4,21
DA:5,0
DA:7,0
DA:9,0
DA:12,21
DA:23,0
DA:24,0
DA:25,0
DA:27,0
DA:28,0
LF:10
LH:2
BRDA:5,0,0,0
BRDA:5,0,1,0
BRDA:23,1,0,0
BRDA:23,1,1,0
BRF:4
BRH:0
end_of_record
TN:
SF:app/favico/index.js
FNF:0
FNH:0
LF:0
LH:0
BRF:0
BRH:0
end_of_record
TN:
SF:app/favico/client/favico.js
FN:27,(anonymous_0)
FN:53,(anonymous_1)
FN:58,(anonymous_2)
FN:108,(anonymous_3)
FN:118,(anonymous_4)
FN:139,(anonymous_5)
FN:147,(anonymous_6)
FN:167,(anonymous_7)
FN:171,(anonymous_8)
FN:181,(anonymous_9)
FN:183,(anonymous_10)
FN:188,(anonymous_11)
FN:193,(anonymous_12)
FN:206,(anonymous_13)
FN:219,(anonymous_14)
FN:267,(anonymous_15)
FN:299,(anonymous_16)
FN:303,(anonymous_17)
FN:318,(anonymous_18)
FN:323,(anonymous_19)
FN:348,(anonymous_20)
FN:349,(anonymous_21)
FN:356,(anonymous_22)
FN:375,(anonymous_23)
FN:376,(anonymous_24)
FN:387,(anonymous_25)
FN:402,(anonymous_26)
FN:406,(anonymous_27)
FN:413,(anonymous_28)
FN:427,(anonymous_29)
FN:431,(anonymous_30)
FN:446,drawVideo
FN:457,(anonymous_32)
FN:467,(anonymous_33)
FN:470,(anonymous_34)
FN:495,(anonymous_35)
FN:500,(anonymous_36)
FN:534,(anonymous_37)
FN:543,hexToRgb
FN:545,(anonymous_39)
FN:559,merge
FN:575,isPageHidden
FN:807,(anonymous_42)
FN:814,(anonymous_43)
FN:817,(anonymous_44)
FNF:45
FNH:27
FNDA:21,(anonymous_0)
FNDA:0,(anonymous_1)
FNDA:21,(anonymous_2)
FNDA:21,(anonymous_3)
FNDA:0,(anonymous_4)
FNDA:21,(anonymous_5)
FNDA:63,(anonymous_6)
FNDA:25,(anonymous_7)
FNDA:12,(anonymous_8)
FNDA:13,(anonymous_9)
FNDA:78,(anonymous_10)
FNDA:12,(anonymous_11)
FNDA:0,(anonymous_12)
FNDA:13,(anonymous_13)
FNDA:13,(anonymous_14)
FNDA:0,(anonymous_15)
FNDA:55,(anonymous_16)
FNDA:55,(anonymous_17)
FNDA:26,(anonymous_18)
FNDA:26,(anonymous_19)
FNDA:0,(anonymous_20)
FNDA:0,(anonymous_21)
FNDA:0,(anonymous_22)
FNDA:0,(anonymous_23)
FNDA:0,(anonymous_24)
FNDA:0,(anonymous_25)
FNDA:0,(anonymous_26)
FNDA:0,(anonymous_27)
FNDA:0,(anonymous_28)
FNDA:0,(anonymous_29)
FNDA:0,(anonymous_30)
FNDA:0,drawVideo
FNDA:0,(anonymous_32)
FNDA:21,(anonymous_33)
FNDA:21,(anonymous_34)
FNDA:63,(anonymous_35)
FNDA:76,(anonymous_36)
FNDA:228,(anonymous_37)
FNDA:55,hexToRgb
FNDA:42,(anonymous_39)
FNDA:34,merge
FNDA:25,isPageHidden
FNDA:25,(anonymous_42)
FNDA:0,(anonymous_43)
FNDA:12,(anonymous_44)
DA:27,21
DA:29,21
DA:30,21
DA:44,21
DA:45,21
DA:46,21
DA:47,21
DA:48,21
DA:49,21
DA:50,21
DA:52,21
DA:53,21
DA:54,21
DA:58,21
DA:60,21
DA:61,21
DA:62,21
DA:63,21
DA:64,21
DA:66,21
DA:68,21
DA:69,21
DA:72,21
DA:73,21
DA:74,105
DA:75,714
DA:77,714
DA:78,714
DA:79,420
DA:81,294
DA:85,714
DA:86,0
DA:87,0
DA:89,0
DA:93,714
DA:97,21
DA:99,21
DA:101,21
DA:103,21
DA:104,21
DA:105,21
DA:106,21
DA:108,21
DA:109,21
DA:110,21
DA:111,21
DA:112,21
DA:113,21
DA:114,21
DA:116,21
DA:118,0
DA:119,0
DA:120,0
DA:121,0
DA:122,0
DA:123,0
DA:124,0
DA:125,0
DA:126,0
DA:128,0
DA:135,21
DA:139,21
DA:140,21
DA:141,21
DA:142,21
DA:147,21
DA:149,63
DA:150,0
DA:152,63
DA:153,63
DA:154,63
DA:155,63
DA:156,63
DA:158,63
DA:161,63
DA:162,63
DA:167,21
DA:168,25
DA:169,0
DA:171,25
DA:172,12
DA:173,12
DA:174,12
DA:175,12
DA:176,12
DA:179,25
DA:180,13
DA:181,13
DA:183,13
DA:184,78
DA:185,13
DA:188,13
DA:189,12
DA:192,13
DA:193,0
DA:194,0
DA:197,13
DA:205,21
DA:206,21
DA:207,13
DA:208,13
DA:209,13
DA:210,13
DA:211,13
DA:212,13
DA:213,13
DA:219,21
DA:220,13
DA:221,13
DA:222,13
DA:223,0
DA:224,0
DA:225,0
DA:226,13
DA:227,0
DA:228,0
DA:229,0
DA:231,13
DA:232,13
DA:233,13
DA:234,13
DA:235,13
DA:236,13
DA:237,0
DA:238,0
DA:239,0
DA:240,0
DA:241,0
DA:242,0
DA:243,0
DA:244,0
DA:245,0
DA:247,13
DA:249,13
DA:250,13
DA:251,13
DA:252,13
DA:253,13
DA:254,13
DA:256,13
DA:257,0
DA:259,13
DA:261,13
DA:267,21
DA:268,0
DA:269,0
DA:270,0
DA:271,0
DA:272,0
DA:273,0
DA:274,0
DA:275,0
DA:276,0
DA:277,0
DA:279,0
DA:280,0
DA:281,0
DA:282,0
DA:283,0
DA:284,0
DA:285,0
DA:286,0
DA:288,0
DA:289,0
DA:291,0
DA:293,0
DA:299,21
DA:300,55
DA:303,55
DA:304,55
DA:305,55
DA:306,13
DA:312,13
DA:313,0
DA:315,13
DA:316,0
DA:318,13
DA:319,26
DA:320,13
DA:323,13
DA:324,26
DA:325,0
DA:328,13
DA:329,13
DA:330,0
DA:332,13
DA:334,42
DA:337,0
DA:340,55
DA:341,34
DA:348,21
DA:349,0
DA:350,0
DA:351,0
DA:352,0
DA:353,0
DA:354,0
DA:355,0
DA:356,0
DA:357,0
DA:358,0
DA:359,0
DA:361,0
DA:362,0
DA:363,0
DA:365,0
DA:368,0
DA:369,0
DA:375,21
DA:376,0
DA:377,0
DA:378,0
DA:379,0
DA:380,0
DA:381,0
DA:382,0
DA:387,0
DA:388,0
DA:392,0
DA:395,0
DA:396,0
DA:402,21
DA:404,0
DA:405,0
DA:406,0
DA:407,0
DA:410,0
DA:411,0
DA:412,0
DA:413,0
DA:414,0
DA:415,0
DA:416,0
DA:417,0
DA:418,0
DA:419,0
DA:421,0
DA:422,0
DA:423,0
DA:424,0
DA:428,0
DA:429,0
DA:430,0
DA:433,0
DA:436,0
DA:437,0
DA:447,0
DA:448,0
DA:451,0
DA:452,0
DA:453,0
DA:457,0
DA:458,0
DA:460,0
DA:463,21
DA:467,21
DA:468,21
DA:470,21
DA:471,21
DA:472,21
DA:473,21
DA:474,189
DA:475,63
DA:478,21
DA:480,21
DA:481,0
DA:482,21
DA:484,0
DA:485,0
DA:488,21
DA:489,21
DA:490,0
DA:491,0
DA:492,0
DA:495,21
DA:496,63
DA:498,21
DA:500,21
DA:501,76
DA:502,76
DA:504,0
DA:506,76
DA:507,0
DA:508,0
DA:509,76
DA:511,0
DA:512,0
DA:513,0
DA:516,76
DA:519,0
DA:520,0
DA:521,0
DA:523,0
DA:524,0
DA:526,0
DA:527,0
DA:528,0
DA:529,0
DA:530,0
DA:531,0
DA:534,76
DA:535,228
DA:544,55
DA:545,55
DA:546,42
DA:548,55
DA:549,55
DA:560,34
DA:562,34
DA:563,236
DA:565,34
DA:566,107
DA:568,34
DA:576,25
DA:582,21
DA:586,21
DA:590,21
DA:591,21
DA:658,21
DA:665,21
DA:708,21
DA:751,21
DA:807,21
DA:808,25
DA:809,25
DA:810,0
DA:812,25
DA:814,25
DA:815,25
DA:816,13
DA:817,13
DA:818,12
DA:819,0
DA:821,12
DA:823,12
DA:826,13
DA:828,12
DA:829,12
DA:833,21
DA:834,21
LF:340
LH:194
BRDA:29,0,0,21
BRDA:29,0,1,0
BRDA:47,1,0,21
BRDA:47,1,1,21
BRDA:50,2,0,21
BRDA:50,2,1,21
BRDA:50,2,2,21
BRDA:64,3,0,21
BRDA:64,3,1,0
BRDA:72,4,0,21
BRDA:72,4,1,0
BRDA:72,5,0,21
BRDA:72,5,1,0
BRDA:77,6,0,714
BRDA:77,6,1,0
BRDA:78,7,0,420
BRDA:78,7,1,294
BRDA:85,8,0,0
BRDA:85,8,1,714
BRDA:86,9,0,0
BRDA:86,9,1,0
BRDA:97,10,0,21
BRDA:97,10,1,0
BRDA:105,11,0,21
BRDA:105,11,1,0
BRDA:109,12,0,21
BRDA:109,12,1,0
BRDA:110,13,0,21
BRDA:110,13,1,0
BRDA:149,14,0,0
BRDA:149,14,1,63
BRDA:168,15,0,0
BRDA:168,15,1,25
BRDA:168,16,0,25
BRDA:168,16,1,25
BRDA:174,17,0,12
BRDA:174,17,1,0
BRDA:179,18,0,13
BRDA:179,18,1,12
BRDA:184,19,0,13
BRDA:184,19,1,65
BRDA:192,20,0,0
BRDA:192,20,1,13
BRDA:207,21,0,13
BRDA:207,21,1,0
BRDA:222,22,0,0
BRDA:222,22,1,13
BRDA:226,23,0,0
BRDA:226,23,1,13
BRDA:234,24,0,0
BRDA:234,24,1,13
BRDA:236,25,0,0
BRDA:236,25,1,13
BRDA:256,26,0,0
BRDA:256,26,1,13
BRDA:256,27,0,13
BRDA:256,27,1,13
BRDA:257,28,0,0
BRDA:257,28,1,0
BRDA:270,29,0,0
BRDA:270,29,1,0
BRDA:274,30,0,0
BRDA:274,30,1,0
BRDA:282,31,0,0
BRDA:282,31,1,0
BRDA:288,32,0,0
BRDA:288,32,1,0
BRDA:288,33,0,0
BRDA:288,33,1,0
BRDA:289,34,0,0
BRDA:289,34,1,0
BRDA:300,35,0,55
BRDA:300,35,1,0
BRDA:300,36,0,0
BRDA:300,36,1,55
BRDA:305,37,0,13
BRDA:305,37,1,42
BRDA:305,38,0,13
BRDA:305,38,1,42
BRDA:312,39,0,0
BRDA:312,39,1,13
BRDA:312,40,0,13
BRDA:312,40,1,0
BRDA:315,41,0,0
BRDA:315,41,1,13
BRDA:315,42,0,13
BRDA:315,42,1,0
BRDA:319,43,0,13
BRDA:319,43,1,13
BRDA:324,44,0,0
BRDA:324,44,1,26
BRDA:329,45,0,0
BRDA:329,45,1,13
BRDA:340,46,0,34
BRDA:340,46,1,21
BRDA:354,47,0,0
BRDA:354,47,1,0
BRDA:368,48,0,0
BRDA:368,48,1,0
BRDA:378,49,0,0
BRDA:378,49,1,0
BRDA:395,50,0,0
BRDA:395,50,1,0
BRDA:404,51,0,0
BRDA:404,51,1,0
BRDA:404,52,0,0
BRDA:404,52,1,0
BRDA:405,53,0,0
BRDA:405,53,1,0
BRDA:410,54,0,0
BRDA:410,54,1,0
BRDA:412,55,0,0
BRDA:412,55,1,0
BRDA:412,55,2,0
BRDA:412,55,3,0
BRDA:412,55,4,0
BRDA:415,56,0,0
BRDA:415,56,1,0
BRDA:436,57,0,0
BRDA:436,57,1,0
BRDA:447,58,0,0
BRDA:447,58,1,0
BRDA:447,59,0,0
BRDA:447,59,1,0
BRDA:447,59,2,0
BRDA:474,60,0,63
BRDA:474,60,1,126
BRDA:480,61,0,0
BRDA:480,61,1,21
BRDA:482,62,0,0
BRDA:482,62,1,21
BRDA:489,63,0,0
BRDA:489,63,1,21
BRDA:502,64,0,0
BRDA:502,64,1,76
BRDA:506,65,0,0
BRDA:506,65,1,76
BRDA:509,66,0,0
BRDA:509,66,1,76
BRDA:516,67,0,0
BRDA:516,67,1,76
BRDA:516,68,0,76
BRDA:516,68,1,76
BRDA:523,69,0,0
BRDA:523,69,1,0
BRDA:530,70,0,0
BRDA:530,70,1,0
BRDA:549,71,0,55
BRDA:549,71,1,0
BRDA:576,72,0,25
BRDA:576,72,1,25
BRDA:576,72,2,25
BRDA:576,72,3,25
BRDA:808,73,0,0
BRDA:808,73,1,25
BRDA:809,74,0,0
BRDA:809,74,1,25
BRDA:810,75,0,0
BRDA:810,75,1,0
BRDA:812,76,0,12
BRDA:812,76,1,13
BRDA:814,77,0,25
BRDA:814,77,1,0
BRDA:815,78,0,13
BRDA:815,78,1,12
BRDA:815,79,0,25
BRDA:815,79,1,13
BRDA:818,80,0,0
BRDA:818,80,1,12
BRF:169
BRH:77
end_of_record
TN:
SF:app/favico/client/index.js
FNF:0
FNH:0
LF:0
LH:0
BRF:0
BRH:0
end_of_record
TN:
SF:app/file-upload/index.js
FNF:0
FNH:0
DA:3,21
DA:4,21
DA:6,21
DA:7,0
LF:4
LH:3
BRDA:3,0,0,21
BRDA:3,0,1,0
BRDA:6,1,0,0
BRDA:6,1,1,21
BRF:4
BRH:2
end_of_record
TN:
SF:app/file-upload/client/index.js
FNF:0
FNH:0
LF:0
LH:0
BRF:0
BRH:0
end_of_record
TN:
SF:app/file-upload/client/lib/fileUploadHandler.js
FN:19,(anonymous_0)
FN:28,(anonymous_1)
FNF:2
FNH:1
FNDA:0,(anonymous_0)
FNDA:34,(anonymous_1)
DA:9,21
DA:14,21
DA:19,21
DA:20,0
DA:22,0
DA:23,0
DA:25,0
DA:28,21
DA:29,34
DA:30,13
DA:32,13
DA:33,13
LF:12
LH:8
BRDA:22,0,0,0
BRDA:22,0,1,0
BRDA:29,1,0,13
BRDA:29,1,1,21
BRDA:30,2,0,0
BRDA:30,2,1,13
BRF:6
BRH:3
end_of_record
TN:
SF:app/file-upload/lib/FileUploadBase.js
FN:17,(anonymous_0)
FN:38,(anonymous_1)
FN:41,(anonymous_2)
FN:47,(anonymous_3)
FN:54,(anonymous_4)
FN:56,(anonymous_5)
FN:60,(anonymous_6)
FN:65,(anonymous_7)
FN:66,(anonymous_8)
FN:74,(anonymous_9)
FN:81,(anonymous_10)
FN:83,(anonymous_11)
FNF:12
FNH:0
FNDA:0,(anonymous_0)
FNDA:0,(anonymous_1)
FNDA:0,(anonymous_2)
FNDA:0,(anonymous_3)
FNDA:0,(anonymous_4)
FNDA:0,(anonymous_5)
FNDA:0,(anonymous_6)
FNDA:0,(anonymous_7)
FNDA:0,(anonymous_8)
FNDA:0,(anonymous_9)
FNDA:0,(anonymous_10)
FNDA:0,(anonymous_11)
DA:12,21
DA:13,0
DA:16,21
DA:18,0
DA:19,0
DA:23,0
DA:24,0
DA:28,0
DA:29,0
DA:32,0
DA:33,0
DA:36,0
DA:39,0
DA:42,0
DA:48,0
DA:49,0
DA:50,0
DA:51,0
DA:57,0
DA:61,0
DA:65,0
DA:67,0
DA:69,0
DA:70,0
DA:74,0
DA:75,0
DA:78,0
DA:84,0
LF:28
LH:2
BRDA:12,0,0,0
BRDA:12,0,1,21
BRDA:18,1,0,0
BRDA:18,1,1,0
BRDA:23,2,0,0
BRDA:23,2,1,0
BRDA:23,3,0,0
BRDA:23,3,1,0
BRDA:23,3,2,0
BRDA:28,4,0,0
BRDA:28,4,1,0
BRDA:28,5,0,0
BRDA:28,5,1,0
BRDA:28,5,2,0
BRDA:32,6,0,0
BRDA:32,6,1,0
BRDA:39,7,0,0
BRDA:39,7,1,0
BRDA:39,7,2,0
BRDA:42,8,0,0
BRDA:42,8,1,0
BRDA:42,8,2,0
BRF:22
BRH:1
end_of_record
TN:
SF:app/github-enterprise/client/index.js
FNF:0
FNH:0
LF:0
LH:0
BRF:0
BRH:0
end_of_record
TN:
SF:app/github-enterprise/lib/common.js
FN:24,(anonymous_0)
FN:25,(anonymous_1)
FN:31,(anonymous_2)
FN:32,(anonymous_3)
FNF:4
FNH:2
FNDA:0,(anonymous_0)
FNDA:0,(anonymous_1)
FNDA:21,(anonymous_2)
FNDA:42,(anonymous_3)
DA:10,21
DA:21,21
DA:23,21
DA:24,0
DA:25,0
DA:26,0
DA:27,0
DA:31,21
DA:32,21
DA:33,42
DA:34,0
DA:35,0
LF:12
LH:6
BRDA:23,0,0,0
BRDA:23,0,1,21
BRDA:33,1,0,0
BRDA:33,1,1,42
BRF:4
BRH:2
end_of_record
TN:
SF:app/gitlab/client/index.js
FNF:0
FNH:0
LF:0
LH:0
BRF:0
BRH:0
end_of_record
TN:
SF:app/gitlab/lib/common.js
FN:23,(anonymous_0)
FN:24,(anonymous_1)
FN:34,(anonymous_2)
FN:35,(anonymous_3)
FNF:4
FNH:2
FNDA:0,(anonymous_0)
FNDA:0,(anonymous_1)
FNDA:21,(anonymous_2)
FNDA:42,(anonymous_3)
DA:8,21
DA:20,21
DA:22,21
DA:23,0
DA:24,0
DA:25,0
DA:26,0
DA:27,0
DA:28,0
DA:31,0
DA:34,21
DA:35,21
DA:36,42
DA:37,42
DA:38,0
DA:39,0
DA:42,42
DA:43,21
DA:44,21
DA:47,42
DA:48,0
DA:49,0
DA:52,42
DA:53,21
LF:24
LH:13
BRDA:22,0,0,0
BRDA:22,0,1,21
BRDA:25,1,0,0
BRDA:25,1,1,0
BRDA:26,2,0,0
BRDA:26,2,1,0
BRDA:37,3,0,0
BRDA:37,3,1,42
BRDA:42,4,0,21
BRDA:42,4,1,21
BRDA:43,5,0,21
BRDA:43,5,1,0
BRDA:47,6,0,0
BRDA:47,6,1,42
BRDA:52,7,0,21
BRDA:52,7,1,21
BRF:16
BRH:8
end_of_record
TN:
SF:app/iframe-login/client/iframe_client.js
FN:9,(anonymous_0)
FN:14,(anonymous_1)
FN:21,(anonymous_2)
FN:35,(anonymous_3)
FNF:4
FNH:1
FNDA:0,(anonymous_0)
FNDA:374,(anonymous_1)
FNDA:0,(anonymous_2)
FNDA:0,(anonymous_3)
DA:6,21
DA:8,21
DA:9,21
DA:10,0
DA:11,0
DA:14,21
DA:15,374
DA:16,374
DA:19,0
DA:21,0
DA:22,0
DA:23,0
DA:32,0
DA:35,0
DA:36,0
DA:37,0
DA:46,0
LF:17
LH:6
BRDA:15,0,0,374
BRDA:15,0,1,0
BRDA:19,1,0,0
BRDA:19,1,1,0
BRDA:22,2,0,0
BRDA:22,2,1,0
BRDA:36,3,0,0
BRDA:36,3,1,0
BRF:8
BRH:1
end_of_record
TN:
SF:app/iframe-login/client/index.js
FNF:0
FNH:0
LF:0
LH:0
BRF:0
BRH:0
end_of_record
TN:
SF:app/importer-csv/client/adder.js
FNF:0
FNH:0
DA:4,21
LF:1
LH:1
BRF:0
BRH:0
end_of_record
TN:
SF:app/importer-csv/client/index.js
FNF:0
FNH:0
LF:0
LH:0
BRF:0
BRH:0
end_of_record
TN:
SF:app/importer-csv/lib/info.js
FN:4,(anonymous_0)
FNF:1
FNH:1
FNDA:21,(anonymous_0)
DA:5,21
LF:1
LH:1
BRF:0
BRH:0
end_of_record
TN:
SF:app/importer-hipchat-enterprise/client/adder.js
FNF:0
FNH:0
DA:4,21
LF:1
LH:1
BRF:0
BRH:0
end_of_record
TN:
SF:app/importer-hipchat-enterprise/client/index.js
FNF:0
FNH:0
LF:0
LH:0
BRF:0
BRH:0
end_of_record
TN:
SF:app/importer-hipchat-enterprise/lib/info.js
FN:4,(anonymous_0)
FNF:1
FNH:1
FNDA:21,(anonymous_0)
DA:5,21
LF:1
LH:1
BRF:0
BRH:0
end_of_record
TN:
SF:app/importer-slack-users/client/adder.js
FNF:0
FNH:0
DA:4,21
LF:1
LH:1
BRF:0
BRH:0
end_of_record
TN:
SF:app/importer-slack-users/client/index.js
FNF:0
FNH:0
LF:0
LH:0
BRF:0
BRH:0
end_of_record
TN:
SF:app/importer-slack-users/lib/info.js
FN:4,(anonymous_0)
FNF:1
FNH:1
FNDA:21,(anonymous_0)
DA:5,21
LF:1
LH:1
BRF:0
BRH:0
end_of_record
TN:
SF:app/importer-slack/client/adder.js
FNF:0
FNH:0
DA:4,21
LF:1
LH:1
BRF:0
BRH:0
end_of_record
TN:
SF:app/importer-slack/client/index.js
FNF:0
FNH:0
LF:0
LH:0
BRF:0
BRH:0
end_of_record
TN:
SF:app/importer-slack/lib/info.js
FN:4,(anonymous_0)
FNF:1
FNH:1
FNDA:21,(anonymous_0)
DA:5,21
LF:1
LH:1
BRF:0
BRH:0
end_of_record
TN:
SF:app/importer/client/index.js
FNF:0
FNH:0
LF:0
LH:0
BRF:0
BRH:0
end_of_record
TN:
SF:app/importer/lib/ImporterInfo.js
FN:10,(anonymous_0)
FNF:1
FNH:1
FNDA:84,(anonymous_0)
DA:11,84
DA:12,84
DA:13,84
DA:14,84
DA:16,84
DA:17,84
LF:6
LH:6
BRDA:10,0,0,0
BRDA:10,1,0,0
BRDA:10,2,0,21
BRF:3
BRH:1
end_of_record
TN:
[...]
FNF:0
FNH:0
DA:3,21
LF:1
LH:1
BRF:0
BRH:0
end_of_record
TN:
SF:ee/app/canned-responses/client/ee/app/canned-responses/client/tabBar.ts
FN:7,(anonymous_0)
FN:12,(anonymous_1)
FN:19,(anonymous_2)
FNF:3
FNH:2
FNDA:8,(anonymous_0)
FNDA:4,(anonymous_1)
FNDA:0,(anonymous_2)
DA:7,21
DA:8,8
DA:9,8
DA:11,8
DA:13,4
DA:19,0
LF:6
LH:5
BRDA:13,0,0,0
BRDA:13,0,1,4
BRDA:13,1,0,4
BRDA:13,1,1,2
BRF:4
BRH:3
end_of_record
TN:
SF:ee/app/canned-responses/client/startup/responses.js
FN:11,(anonymous_0)
FN:15,(anonymous_1)
FN:18,(anonymous_2)
FN:19,(anonymous_3)
FN:30,(anonymous_4)
FN:38,(anonymous_5)
FNF:6
FNH:2
FNDA:0,(anonymous_0)
FNDA:0,(anonymous_1)
FNDA:21,(anonymous_2)
FNDA:34,(anonymous_3)
FNDA:0,(anonymous_4)
FNDA:0,(anonymous_5)
DA:10,21
DA:12,0
DA:13,0
DA:15,0
DA:18,21
DA:19,21
DA:20,34
DA:21,21
DA:23,13
DA:24,13
DA:26,0
DA:27,0
DA:29,0
DA:30,0
DA:31,0
DA:32,0
DA:33,0
DA:35,0
DA:37,0
DA:38,0
DA:39,0
DA:41,0
LF:22
LH:7
BRDA:20,0,0,21
BRDA:20,0,1,13
BRDA:23,1,0,13
BRDA:23,1,1,0
BRDA:26,2,0,0
BRDA:26,2,1,0
BRDA:31,3,0,0
BRDA:31,3,1,0
BRDA:32,4,0,0
BRDA:32,4,1,0
BRDA:32,5,0,0
BRDA:32,5,1,0
BRF:12
BRH:3
end_of_record
TN:
SF:ee/app/canned-responses/client/views/popup/addMessagePopupCannedResponse.js
FN:9,(anonymous_0)
FN:10,(anonymous_1)
FN:21,(anonymous_2)
FN:40,(anonymous_3)
FNF:4
FNH:1
FNDA:21,(anonymous_0)
FNDA:0,(anonymous_1)
FNDA:0,(anonymous_2)
FNDA:0,(anonymous_3)
DA:9,21
DA:10,21
DA:22,0
DA:23,0
DA:38,0
DA:41,0
DA:44,0
DA:48,21
DA:49,21
DA:50,0
DA:52,21
LF:11
LH:5
BRDA:44,0,0,0
BRDA:44,0,1,0
BRDA:49,1,0,0
BRDA:49,1,1,21
BRF:4
BRH:1
end_of_record
TN:
SF:ee/app/canned-responses/client/views/tabbar/cannedResponses.js
FN:14,(anonymous_0)
FN:44,(anonymous_1)
FN:48,(anonymous_2)
FN:52,(anonymous_3)
FN:56,(anonymous_4)
FN:60,(anonymous_5)
FN:64,(anonymous_6)
FN:68,(anonymous_7)
FN:72,(anonymous_8)
FN:76,(anonymous_9)
FN:89,(anonymous_10)
FN:102,(anonymous_11)
FN:114,(anonymous_12)
FN:120,(anonymous_13)
FN:131,(anonymous_14)
FN:148,(anonymous_15)
FN:154,(anonymous_16)
FN:164,(anonymous_17)
FN:171,(anonymous_18)
FN:210,(anonymous_19)
FN:236,(anonymous_20)
FN:246,(anonymous_21)
FN:251,(anonymous_22)
FNF:23
FNH:0
FNDA:0,(anonymous_0)
FNDA:0,(anonymous_1)
FNDA:0,(anonymous_2)
FNDA:0,(anonymous_3)
FNDA:0,(anonymous_4)
FNDA:0,(anonymous_5)
FNDA:0,(anonymous_6)
FNDA:0,(anonymous_7)
FNDA:0,(anonymous_8)
FNDA:0,(anonymous_9)
FNDA:0,(anonymous_10)
FNDA:0,(anonymous_11)
FNDA:0,(anonymous_12)
FNDA:0,(anonymous_13)
FNDA:0,(anonymous_14)
FNDA:0,(anonymous_15)
FNDA:0,(anonymous_16)
FNDA:0,(anonymous_17)
FNDA:0,(anonymous_18)
FNDA:0,(anonymous_19)
FNDA:0,(anonymous_20)
FNDA:0,(anonymous_21)
FNDA:0,(anonymous_22)
DA:13,21
DA:15,0
DA:17,0
DA:19,0
DA:20,0
DA:26,0
DA:27,0
DA:28,0
DA:41,0
DA:45,0
DA:49,0
DA:53,0
DA:57,0
DA:61,0
DA:65,0
DA:69,0
DA:73,0
DA:77,0
DA:79,0
DA:80,0
DA:83,0
DA:84,0
DA:86,0
DA:90,0
DA:92,0
DA:93,0
DA:96,0
DA:97,0
DA:99,0
DA:103,0
DA:105,0
DA:107,0
DA:108,0
DA:111,0
DA:115,0
DA:119,21
DA:121,0
DA:122,0
DA:124,0
DA:128,0
DA:132,0
DA:133,0
DA:135,0
DA:137,0
DA:138,0
DA:139,0
DA:142,0
DA:143,0
DA:145,0
DA:149,0
DA:150,0
DA:152,0
DA:154,0
DA:155,0
DA:156,0
DA:159,0
DA:160,0
DA:165,0
DA:166,0
DA:168,0
DA:172,0
DA:173,0
DA:175,0
DA:176,0
DA:177,0
DA:180,0
DA:181,0
DA:182,0
DA:184,0
DA:185,0
DA:186,0
DA:187,0
DA:188,0
DA:191,0
DA:192,0
DA:193,0
DA:195,0
DA:196,0
DA:198,0
DA:199,0
DA:200,0
DA:202,0
DA:203,0
DA:204,0
DA:207,0
DA:211,0
DA:212,0
DA:214,0
DA:215,0
DA:216,0
DA:218,0
DA:223,0
DA:224,0
DA:225,0
DA:226,0
DA:227,0
DA:230,0
DA:231,0
DA:233,0
DA:236,0
DA:237,0
DA:238,0
DA:241,0
DA:242,0
DA:247,0
DA:251,21
DA:252,0
DA:253,0
DA:254,0
DA:255,0
DA:256,0
DA:258,0
DA:259,0
DA:261,0
DA:262,0
DA:265,0
LF:116
LH:3
BRDA:19,0,0,0
BRDA:19,0,1,0
BRDA:26,1,0,0
BRDA:26,1,1,0
BRDA:79,2,0,0
BRDA:79,2,1,0
BRDA:92,3,0,0
BRDA:92,3,1,0
BRDA:107,4,0,0
BRDA:107,4,1,0
BRDA:138,5,0,0
BRDA:138,5,1,0
BRDA:145,6,0,0
BRDA:145,6,1,0
BRDA:155,7,0,0
BRDA:155,7,1,0
BRDA:176,8,0,0
BRDA:176,8,1,0
BRDA:184,9,0,0
BRDA:184,9,1,0
BRDA:191,10,0,0
BRDA:191,10,1,0
BRDA:191,11,0,0
BRDA:191,11,1,0
BRDA:224,12,0,0
BRDA:224,12,1,0
BRDA:225,13,0,0
BRDA:225,13,1,0
BRDA:237,14,0,0
BRDA:237,14,1,0
BRDA:247,15,0,0
BRDA:247,15,1,0
BRDA:258,16,0,0
BRDA:258,16,1,0
BRDA:258,17,0,0
BRDA:258,17,1,0
BRDA:261,18,0,0
BRDA:261,18,1,0
BRF:38
BRH:0
end_of_record
TN:
SF:ee/app/canned-responses/client/views/tabbar/departmentCannedResponses.js
FN:7,(anonymous_0)
FN:14,(anonymous_1)
FNF:2
FNH:0
FNDA:0,(anonymous_0)
FNDA:0,(anonymous_1)
DA:6,21
DA:8,0
DA:12,21
DA:14,21
LF:4
LH:3
BRF:0
BRH:0
end_of_record
TN:
SF:ee/app/license/client/ee/app/license/client/index.ts
FN:9,(anonymous_0)
FN:10,(anonymous_1)
FN:15,hasLicense
FNF:3
FNH:2
FNDA:13,(anonymous_0)
FNDA:0,(anonymous_1)
FNDA:65,hasLicense
DA:4,21
DA:9,13
DA:11,0
DA:12,0
DA:16,65
DA:17,65
DA:18,41
DA:20,0
LF:8
LH:5
BRF:0
BRH:0
end_of_record
TN:
SF:ee/app/livechat-enterprise/client/index.js
FN:6,(anonymous_0)
FNF:1
FNH:1
FNDA:13,(anonymous_0)
DA:6,21
DA:7,13
DA:8,13
DA:11,0
DA:12,0
DA:13,0
DA:14,0
DA:15,0
LF:8
LH:3
BRDA:7,0,0,13
BRDA:7,0,1,0
BRF:2
BRH:1
end_of_record
TN:
SF:ee/app/livechat-enterprise/client/route.js
FNF:0
FNH:0
DA:4,21
DA:15,21
DA:26,21
DA:37,21
DA:48,21
DA:60,21
LF:6
LH:6
BRF:0
BRH:0
end_of_record
TN:
SF:ee/app/livechat-enterprise/client/ee/app/livechat-enterprise/client/SingleBusinessHour.ts
FN:4,(anonymous_0)
FNF:1
FNH:0
FNDA:0,(anonymous_0)
DA:5,0
LF:1
LH:0
BRF:0
BRH:0
end_of_record
TN:
SF:ee/app/livechat-enterprise/client/ee/app/livechat-enterprise/client/startup.ts
FN:15,(anonymous_0)
FN:16,(anonymous_1)
FNF:2
FNH:1
FNDA:21,(anonymous_0)
FNDA:0,(anonymous_1)
DA:10,21
DA:15,21
DA:16,21
DA:17,0
DA:18,0
LF:5
LH:3
BRDA:17,0,0,0
BRF:1
BRH:0
end_of_record
TN:
SF:ee/app/livechat-enterprise/client/views/business-hours/ee/app/livechat-enterprise/client/views/business-hours/Multiple.ts
FN:6,(anonymous_0)
FN:10,(anonymous_1)
FN:14,(anonymous_2)
FN:18,(anonymous_3)
FNF:4
FNH:0
FNDA:0,(anonymous_0)
FNDA:0,(anonymous_1)
FNDA:0,(anonymous_2)
FNDA:0,(anonymous_3)
DA:7,0
DA:11,0
DA:15,0
DA:19,0
LF:4
LH:0
BRDA:11,0,0,0
BRDA:11,0,1,0
BRF:2
BRH:0
end_of_record
TN:
SF:ee/app/livechat-enterprise/lib/messageTypes.js
FN:9,(anonymous_0)
FNF:1
FNH:0
FNDA:0,(anonymous_0)
DA:5,21
DA:10,0
DA:11,0
DA:16,0
DA:17,0
LF:5
LH:1
BRDA:10,0,0,0
BRDA:10,0,1,0
BRDA:15,1,0,0
BRDA:15,2,0,0
BRDA:19,3,0,0
BRDA:19,3,1,0
BRF:6
BRH:0
end_of_record
TN:
SF:ee/client/ee/client/ecdh.ts
FN:7,(anonymous_0)
FN:11,init
FN:17,(anonymous_2)
FN:19,(anonymous_3)
FN:22,(anonymous_4)
FN:27,initEncryptedSession
FN:71,(anonymous_6)
FNF:7
FNH:3
FNDA:21,(anonymous_0)
FNDA:0,init
FNDA:0,(anonymous_2)
FNDA:0,(anonymous_3)
FNDA:0,(anonymous_4)
FNDA:21,initEncryptedSession
FNDA:365,(anonymous_6)
DA:7,21
DA:8,21
DA:12,0
DA:14,0
DA:15,0
DA:17,0
DA:18,0
DA:19,0
DA:22,0
DA:23,0
DA:28,21
DA:29,21
DA:30,21
DA:32,0
DA:33,0
DA:34,0
DA:36,0
DA:37,0
DA:45,0
DA:46,0
DA:47,0
DA:50,0
DA:52,0
DA:53,0
DA:54,0
DA:57,0
DA:58,0
DA:59,0
DA:61,0
DA:62,0
DA:63,0
DA:67,21
DA:69,21
DA:71,21
DA:72,365
DA:74,365
DA:75,365
DA:78,0
DA:79,0
DA:80,0
DA:81,0
LF:41
LH:11
BRDA:28,0,0,21
BRDA:45,1,0,0
BRDA:52,2,0,0
BRDA:71,3,0,365
BRDA:74,4,0,365
BRF:5
BRH:3
end_of_record
TN:
SF:ee/client/hooks/useHasLicense.js
FN:5,(anonymous_0)
FN:8,(anonymous_1)
FN:9,(anonymous_2)
FNF:3
FNH:3
FNDA:8,(anonymous_0)
FNDA:2,(anonymous_1)
FNDA:2,(anonymous_2)
DA:5,21
DA:6,8
DA:8,8
DA:9,2
DA:10,2
DA:11,0
DA:13,2
DA:17,8
LF:8
LH:7
BRDA:10,0,0,0
BRDA:10,0,1,2
BRF:2
BRH:1
end_of_record
TN:
SF:ee/client/lib/ee/client/lib/fetchFeatures.ts
FN:4,(anonymous_0)
FN:5,(anonymous_1)
FN:6,(anonymous_2)
FNF:3
FNH:3
FNDA:21,(anonymous_0)
FNDA:21,(anonymous_1)
FNDA:13,(anonymous_2)
DA:4,21
DA:5,21
DA:6,21
DA:7,13
LF:4
LH:4
BRF:0
BRH:0
end_of_record
TN:
SF:ee/client/lib/ee/client/lib/onToggledFeature.ts
FN:7,(anonymous_0)
FN:24,(anonymous_1)
FNF:2
FNH:2
FNDA:21,(anonymous_0)
FNDA:13,(anonymous_1)
DA:7,21
DA:17,21
DA:22,21
DA:24,21
DA:25,13
DA:26,0
DA:29,13
DA:30,13
DA:32,13
DA:33,0
DA:34,0
DA:37,13
DA:38,0
DA:39,0
LF:14
LH:9
BRDA:25,0,0,0
BRDA:32,1,0,0
BRDA:32,2,0,13
BRDA:32,2,1,13
BRDA:37,3,0,0
BRDA:37,4,0,13
BRDA:37,4,1,0
BRF:7
BRH:3
end_of_record
TN:
SF:ee/client/omnichannel/index.js
FNF:0
FNH:0
LF:0
LH:0
BRF:0
BRH:0
end_of_record
TN:
SF:ee/client/omnichannel/routes.js
FN:5,(anonymous_0)
FN:10,(anonymous_1)
FN:15,(anonymous_2)
FNF:3
FNH:0
FNDA:0,(anonymous_0)
FNDA:0,(anonymous_1)
FNDA:0,(anonymous_2)
DA:3,21
DA:5,0
DA:8,21
DA:10,0
DA:13,21
DA:15,0
LF:6
LH:3
BRF:0
BRH:0
end_of_record
TN:
SF:ee/client/omnichannel/additionalForms/register.js
FN:6,(anonymous_0)
FN:12,(anonymous_1)
FN:12,(anonymous_2)
FN:12,(anonymous_3)
FN:15,(anonymous_4)
FN:15,(anonymous_5)
FN:15,(anonymous_6)
FN:18,(anonymous_7)
FN:18,(anonymous_8)
FN:18,(anonymous_9)
FN:21,(anonymous_10)
FN:21,(anonymous_11)
FN:21,(anonymous_12)
FN:24,(anonymous_13)
FN:24,(anonymous_14)
FN:24,(anonymous_15)
FN:26,(anonymous_16)
FN:26,(anonymous_17)
FN:26,(anonymous_18)
FN:28,(anonymous_19)
FN:28,(anonymous_20)
FN:28,(anonymous_21)
FN:31,(anonymous_22)
FN:31,(anonymous_23)
FN:31,(anonymous_24)
FN:34,(anonymous_25)
FN:34,(anonymous_26)
FN:34,(anonymous_27)
FN:37,(anonymous_28)
FN:37,(anonymous_29)
FN:37,(anonymous_30)
FN:40,(anonymous_31)
FN:40,(anonymous_32)
FN:40,(anonymous_33)
FN:43,(anonymous_34)
FN:43,(anonymous_35)
FN:43,(anonymous_36)
FN:46,(anonymous_37)
FN:46,(anonymous_38)
FN:46,(anonymous_39)
FN:49,(anonymous_40)
FN:49,(anonymous_41)
FN:49,(anonymous_42)
FNF:43
FNH:1
FNDA:13,(anonymous_0)
FNDA:0,(anonymous_1)
FNDA:0,(anonymous_2)
FNDA:0,(anonymous_3)
FNDA:0,(anonymous_4)
FNDA:0,(anonymous_5)
FNDA:0,(anonymous_6)
FNDA:0,(anonymous_7)
FNDA:0,(anonymous_8)
FNDA:0,(anonymous_9)
FNDA:0,(anonymous_10)
FNDA:0,(anonymous_11)
FNDA:0,(anonymous_12)
FNDA:0,(anonymous_13)
FNDA:0,(anonymous_14)
FNDA:0,(anonymous_15)
FNDA:0,(anonymous_16)
FNDA:0,(anonymous_17)
FNDA:0,(anonymous_18)
FNDA:0,(anonymous_19)
FNDA:0,(anonymous_20)
FNDA:0,(anonymous_21)
FNDA:0,(anonymous_22)
FNDA:0,(anonymous_23)
FNDA:0,(anonymous_24)
FNDA:0,(anonymous_25)
FNDA:0,(anonymous_26)
FNDA:0,(anonymous_27)
FNDA:0,(anonymous_28)
FNDA:0,(anonymous_29)
FNDA:0,(anonymous_30)
FNDA:0,(anonymous_31)
FNDA:0,(anonymous_32)
FNDA:0,(anonymous_33)
FNDA:0,(anonymous_34)
FNDA:0,(anonymous_35)
FNDA:0,(anonymous_36)
FNDA:0,(anonymous_37)
FNDA:0,(anonymous_38)
FNDA:0,(anonymous_39)
FNDA:0,(anonymous_40)
FNDA:0,(anonymous_41)
FNDA:0,(anonymous_42)
DA:6,21
DA:7,13
DA:8,13
DA:11,0
DA:12,0
DA:14,0
DA:15,0
DA:17,0
DA:18,0
DA:20,0
DA:21,0
DA:23,0
DA:24,0
DA:26,0
DA:27,0
DA:28,0
DA:30,0
DA:31,0
DA:33,0
DA:34,0
DA:36,0
DA:37,0
DA:39,0
DA:40,0
DA:42,0
DA:43,0
DA:45,0
DA:46,0
DA:48,0
DA:49,0
LF:30
LH:3
BRDA:7,0,0,13
BRDA:7,0,1,0
BRF:2
BRH:1
end_of_record
TN:
SF:ee/client/startup/ee/client/startup/engagementDashboard.ts
FN:9,(anonymous_0)
FN:14,(anonymous_1)
FN:15,(anonymous_2)
FN:20,(anonymous_3)
FN:24,(anonymous_4)
FN:25,(anonymous_5)
FNF:6
FNH:0
FNDA:0,(anonymous_0)
FNDA:0,(anonymous_1)
FNDA:0,(anonymous_2)
FNDA:0,(anonymous_3)
FNDA:0,(anonymous_4)
FNDA:0,(anonymous_5)
DA:7,21
DA:9,0
DA:13,21
DA:15,0
DA:16,0
DA:20,0
DA:22,0
DA:25,0
DA:26,0
DA:27,0
LF:10
LH:2
BRF:0
BRH:0
end_of_record
TN:
SF:ee/client/startup/ee/client/startup/routes.ts
FN:7,(anonymous_0)
FN:14,(anonymous_1)
FNF:2
FNH:0
FNDA:0,(anonymous_0)
FNDA:0,(anonymous_1)
DA:5,21
DA:8,0
DA:12,21
DA:15,0
LF:4
LH:2
BRF:0
BRH:0
end_of_record
TN:
SF:lib/lib/ClientLogger.ts
FN:5,(anonymous_0)
FN:18,(anonymous_1)
FN:23,(anonymous_2)
FN:42,(anonymous_3)
FN:46,(anonymous_4)
FN:50,(anonymous_5)
FN:54,(anonymous_6)
FN:58,(anonymous_7)
FN:62,(anonymous_8)
FN:66,(anonymous_9)
FNF:10
FNH:2
FNDA:21,(anonymous_0)
FNDA:272,(anonymous_1)
FNDA:0,(anonymous_2)
FNDA:0,(anonymous_3)
FNDA:0,(anonymous_4)
FNDA:0,(anonymous_5)
FNDA:0,(anonymous_6)
FNDA:0,(anonymous_7)
FNDA:0,(anonymous_8)
FNDA:0,(anonymous_9)
DA:5,21
DA:6,21
DA:7,21
DA:8,21
DA:9,21
DA:10,21
DA:11,21
DA:19,272
DA:20,272
DA:24,0
DA:25,0
DA:26,0
DA:28,0
DA:30,0
DA:31,0
DA:34,0
DA:35,0
DA:37,0
DA:43,0
DA:47,0
DA:51,0
DA:55,0
DA:59,0
DA:63,0
DA:67,0
LF:25
LH:9
BRDA:5,0,0,21
BRDA:5,0,1,21
BRDA:18,1,0,272
BRDA:25,2,0,0
BRDA:25,3,0,0
BRDA:25,3,1,0
BRDA:28,4,0,0
BRDA:28,4,1,0
BRDA:28,4,2,0
BRDA:28,4,3,0
BRF:10
BRH:3
end_of_record
TN:
SF:lib/lib/callbacks.ts
FN:18,(anonymous_0)
FN:210,(anonymous_1)
FN:214,(anonymous_2)
FN:219,(anonymous_3)
FN:229,(anonymous_4)
FN:231,(anonymous_5)
FN:232,(anonymous_6)
FN:238,(anonymous_7)
FN:241,(anonymous_8)
FN:242,(anonymous_9)
FN:247,(anonymous_10)
FN:258,(anonymous_11)
FN:259,(anonymous_12)
FN:265,(anonymous_13)
FN:274,(anonymous_14)
FN:278,(anonymous_15)
FN:313,(anonymous_16)
FN:316,(anonymous_17)
FN:328,(anonymous_18)
FN:329,(anonymous_19)
FN:340,(anonymous_20)
FN:341,(anonymous_21)
FN:362,(anonymous_22)
FN:363,(anonymous_23)
FN:377,(anonymous_24)
FN:378,(anonymous_25)
FNF:26
FNH:20
FNDA:21,(anonymous_0)
FNDA:0,(anonymous_1)
FNDA:0,(anonymous_2)
FNDA:79,(anonymous_3)
FNDA:1419,(anonymous_4)
FNDA:2665,(anonymous_5)
FNDA:79,(anonymous_6)
FNDA:77,(anonymous_7)
FNDA:2665,(anonymous_8)
FNDA:79,(anonymous_9)
FNDA:77,(anonymous_10)
FNDA:1419,(anonymous_11)
FNDA:0,(anonymous_12)
FNDA:0,(anonymous_13)
FNDA:1419,(anonymous_14)
FNDA:1419,(anonymous_15)
FNDA:905,(anonymous_16)
FNDA:861,(anonymous_17)
FNDA:2292,(anonymous_18)
FNDA:1146,(anonymous_19)
FNDA:514,(anonymous_20)
FNDA:1004,(anonymous_21)
FNDA:25292,(anonymous_22)
FNDA:25215,(anonymous_23)
FNDA:0,(anonymous_24)
FNDA:0,(anonymous_25)
DA:18,21
DA:19,21
DA:20,21
DA:21,21
DA:196,21
DA:198,21
DA:200,21
DA:202,21
DA:204,21
DA:206,21
DA:208,21
DA:211,0
DA:215,0
DA:216,0
DA:220,79
DA:222,79
DA:223,79
DA:225,79
DA:231,1419
DA:232,2665
DA:233,79
DA:235,79
DA:238,1419
DA:241,1419
DA:242,2665
DA:243,79
DA:245,1419
DA:247,1419
DA:248,77
DA:250,77
DA:251,77
DA:253,77
DA:259,1419
DA:260,0
DA:261,0
DA:264,0
DA:265,0
DA:266,0
DA:270,0
DA:275,1419
DA:279,1419
DA:280,1419
DA:281,1419
DA:314,905
DA:316,905
DA:317,0
DA:320,905
DA:328,2292
DA:329,1146
DA:331,905
DA:341,1004
DA:342,514
DA:363,25292
DA:364,25292
DA:378,0
DA:379,0
DA:387,21
LF:57
LH:45
BRDA:18,0,0,21
BRDA:18,0,1,21
BRDA:235,1,0,79
BRDA:235,1,1,43
BRDA:260,2,0,0
BRDA:275,3,0,1419
BRDA:275,3,1,611
BRDA:313,4,0,210
BRDA:313,5,0,210
BRDA:316,6,0,0
BRDA:328,7,0,2292
BRDA:328,7,1,0
BRDA:363,8,0,25292
BRDA:363,8,1,25215
BRDA:378,9,0,0
BRDA:378,9,1,0
BRF:16
BRH:11
end_of_record
TN:
SF:lib/lib/emailValidator.ts
FN:1,(anonymous_0)
FNF:1
FNH:0
FNDA:0,(anonymous_0)
DA:1,21
DA:2,0
DA:4,0
DA:6,0
DA:8,0
DA:11,0
LF:6
LH:1
BRDA:1,0,0,0
BRDA:6,1,0,0
BRDA:6,1,1,0
BRDA:6,1,2,0
BRF:4
BRH:0
end_of_record
TN:
SF:lib/lib/getImageExtensionFromMime.ts
FN:14,(anonymous_0)
FNF:1
FNH:0
FNDA:0,(anonymous_0)
DA:1,21
DA:14,21
LF:2
LH:2
BRF:0
BRH:0
end_of_record
TN:
SF:lib/lib/oauthRedirectUri.ts
FN:6,(anonymous_0)
FN:10,(anonymous_1)
FN:18,(anonymous_2)
FNF:3
FNH:1
FNDA:21,(anonymous_0)
FNDA:0,(anonymous_1)
FNDA:0,(anonymous_2)
DA:4,21
DA:6,21
DA:7,21
DA:9,0
DA:10,0
DA:11,0
DA:15,21
DA:18,21
DA:19,0
DA:24,0
DA:25,0
DA:29,0
DA:32,0
LF:13
LH:5
BRDA:7,0,0,0
BRDA:24,1,0,0
BRDA:24,2,0,0
BRDA:24,2,1,0
BRDA:29,3,0,0
BRDA:29,3,1,0
BRF:6
BRH:0
end_of_record
TN:
SF:lib/lib/random.ts
FN:9,(anonymous_0)
FN:16,(anonymous_1)
FNF:2
FNH:1
FNDA:210,(anonymous_0)
FNDA:0,(anonymous_1)
DA:9,210
DA:16,21
LF:2
LH:2
BRF:0
BRH:0
end_of_record
TN:
SF:lib/lib/transforms.ts
FN:8,(anonymous_0)
FN:11,(anonymous_1)
FN:11,(anonymous_2)
FN:13,(anonymous_3)
FN:16,(anonymous_4)
FN:17,(anonymous_5)
FN:24,(anonymous_6)
FN:27,(anonymous_7)
FN:27,(anonymous_8)
FN:29,(anonymous_9)
FN:32,(anonymous_10)
FN:33,(anonymous_11)
FNF:12
FNH:2
FNDA:0,(anonymous_0)
FNDA:0,(anonymous_1)
FNDA:0,(anonymous_2)
FNDA:0,(anonymous_3)
FNDA:0,(anonymous_4)
FNDA:0,(anonymous_5)
FNDA:42,(anonymous_6)
FNDA:0,(anonymous_7)
FNDA:0,(anonymous_8)
FNDA:42,(anonymous_9)
FNDA:0,(anonymous_10)
FNDA:0,(anonymous_11)
DA:8,21
DA:9,0
DA:11,0
DA:13,0
DA:14,0
DA:16,0
DA:17,0
DA:21,0
DA:24,21
DA:25,42
DA:27,42
DA:29,42
DA:30,42
DA:32,42
DA:33,0
DA:37,42
LF:16
LH:8
BRF:0
BRH:0
end_of_record
TN:
SF:lib/rooms/lib/rooms/coordinator.ts
FN:20,(anonymous_0)
FN:26,(anonymous_1)
FN:46,(anonymous_2)
FN:74,(anonymous_3)
FN:103,(anonymous_4)
FN:107,(anonymous_5)
FN:115,(anonymous_6)
FN:123,(anonymous_7)
FN:137,(anonymous_8)
FN:151,(anonymous_9)
FN:175,(anonymous_10)
FN:177,(anonymous_11)
FN:181,(anonymous_12)
FN:186,(anonymous_13)
FN:189,(anonymous_14)
FN:193,(anonymous_15)
FNF:16
FNH:11
FNDA:21,(anonymous_0)
FNDA:105,(anonymous_1)
FNDA:168,(anonymous_2)
FNDA:168,(anonymous_3)
FNDA:105,(anonymous_4)
FNDA:0,(anonymous_5)
FNDA:18,(anonymous_6)
FNDA:8,(anonymous_7)
FNDA:0,(anonymous_8)
FNDA:8,(anonymous_9)
FNDA:0,(anonymous_10)
FNDA:0,(anonymous_11)
FNDA:15,(anonymous_12)
FNDA:115,(anonymous_13)
FNDA:2,(anonymous_14)
FNDA:0,(anonymous_15)
DA:21,21
DA:22,21
DA:23,21
DA:27,105
DA:29,105
DA:30,0
DA:33,105
DA:34,0
DA:37,105
DA:38,0
DA:41,105
DA:42,0
DA:47,168
DA:49,168
DA:50,0
DA:53,168
DA:54,0
DA:57,168
DA:58,0
DA:61,168
DA:62,0
DA:65,168
DA:66,0
DA:69,168
DA:70,105
DA:75,168
DA:77,168
DA:78,0
DA:81,168
DA:82,0
DA:83,0
DA:86,168
DA:91,168
DA:93,168
DA:94,105
DA:99,105
DA:104,105
DA:108,0
DA:116,18
DA:117,0
DA:120,18
DA:124,8
DA:125,8
DA:126,0
DA:129,8
DA:130,8
DA:131,0
DA:134,8
DA:138,0
DA:139,0
DA:140,0
DA:143,0
DA:144,0
DA:145,0
DA:148,0
DA:152,8
DA:153,0
DA:154,0
DA:157,8
DA:158,8
DA:159,0
DA:162,8
DA:163,8
DA:164,0
DA:165,8
DA:166,8
DA:172,8
DA:176,0
DA:177,0
DA:182,15
DA:183,0
DA:186,115
DA:190,2
DA:194,0
LF:74
LH:43
BRDA:29,0,0,0
BRDA:29,1,0,105
BRDA:29,1,1,105
BRDA:33,2,0,0
BRDA:33,3,0,105
BRDA:33,3,1,105
BRDA:33,3,2,105
BRDA:37,4,0,0
BRDA:41,5,0,0
BRDA:49,6,0,0
BRDA:49,7,0,168
BRDA:49,7,1,168
BRDA:53,8,0,0
BRDA:57,9,0,0
BRDA:57,10,0,168
BRDA:57,10,1,126
BRDA:57,10,2,126
BRDA:61,11,0,0
BRDA:61,12,0,168
BRDA:61,12,1,21
BRDA:61,12,2,21
BRDA:65,13,0,0
BRDA:65,14,0,168
BRDA:65,14,1,168
BRDA:65,14,2,168
BRDA:69,15,0,105
BRDA:77,16,0,0
BRDA:81,17,0,0
BRDA:93,18,0,105
BRDA:93,19,0,168
BRDA:93,19,1,105
BRDA:93,19,2,105
BRDA:93,19,3,105
BRDA:116,20,0,0
BRDA:125,21,0,0
BRDA:130,22,0,0
BRDA:139,23,0,0
BRDA:144,24,0,0
BRDA:152,25,0,0
BRDA:152,26,0,8
BRDA:152,26,1,0
BRDA:158,27,0,0
BRDA:163,28,0,0
BRDA:163,28,1,8
BRDA:165,29,0,8
BRDA:182,30,0,0
BRF:46
BRH:25
end_of_record
TN:
SF:lib/rooms/roomTypes/lib/rooms/roomTypes/conversation.ts
FN:4,getConversationRoomType
FNF:1
FNH:1
FNDA:21,getConversationRoomType
DA:5,21
LF:1
LH:1
BRF:0
BRH:0
end_of_record
TN:
SF:lib/rooms/roomTypes/lib/rooms/roomTypes/direct.ts
FN:4,getDirectMessageRoomType
FN:13,(anonymous_1)
FN:16,(anonymous_2)
FNF:3
FNH:1
FNDA:21,getDirectMessageRoomType
FNDA:0,(anonymous_1)
FNDA:0,(anonymous_2)
DA:5,21
DA:14,0
DA:17,0
LF:3
LH:1
BRDA:13,0,0,0
BRDA:17,1,0,0
BRDA:17,1,1,0
BRDA:17,1,2,0
BRF:4
BRH:0
end_of_record
TN:
SF:lib/rooms/roomTypes/lib/rooms/roomTypes/favorite.ts
FN:4,getFavoriteRoomType
FNF:1
FNH:1
FNDA:21,getFavoriteRoomType
DA:5,21
LF:1
LH:1
BRF:0
BRH:0
end_of_record
TN:
SF:lib/rooms/roomTypes/lib/rooms/roomTypes/livechat.ts
FN:4,getLivechatRoomType
FN:13,(anonymous_1)
FN:16,(anonymous_2)
FNF:3
FNH:1
FNDA:21,getLivechatRoomType
FNDA:0,(anonymous_1)
FNDA:0,(anonymous_2)
DA:5,21
DA:14,0
DA:17,0
LF:3
LH:1
BRDA:13,0,0,0
BRDA:17,1,0,0
BRDA:17,1,1,0
BRF:3
BRH:0
end_of_record
TN:
SF:lib/rooms/roomTypes/lib/rooms/roomTypes/private.ts
FN:4,getPrivateRoomType
FN:13,(anonymous_1)
FNF:2
FNH:2
FNDA:21,getPrivateRoomType
FNDA:1,(anonymous_1)
DA:5,21
DA:14,1
LF:2
LH:2
BRDA:13,0,0,0
BRF:1
BRH:0
end_of_record
TN:
SF:lib/rooms/roomTypes/lib/rooms/roomTypes/public.ts
FN:4,getPublicRoomType
FN:13,(anonymous_1)
FNF:2
FNH:2
FNDA:21,getPublicRoomType
FNDA:1,(anonymous_1)
DA:5,21
DA:14,1
LF:2
LH:2
BRDA:13,0,0,0
BRF:1
BRH:0
end_of_record
TN:
SF:lib/rooms/roomTypes/lib/rooms/roomTypes/unread.ts
FN:4,getUnreadRoomType
FNF:1
FNH:1
FNDA:21,getUnreadRoomType
DA:5,21
LF:1
LH:1
BRF:0
BRH:0
end_of_record
TN:
SF:lib/rooms/roomTypes/lib/rooms/roomTypes/voip.ts
FN:4,getVoipRoomType
FN:13,(anonymous_1)
FN:16,(anonymous_2)
FNF:3
FNH:1
FNDA:21,getVoipRoomType
FNDA:0,(anonymous_1)
FNDA:0,(anonymous_2)
DA:5,21
DA:14,0
DA:17,0
LF:3
LH:1
BRDA:13,0,0,0
BRDA:17,1,0,0
BRDA:17,1,1,0
BRF:3
BRH:0
end_of_record
